process starts!
i=%d 0
i=%d 1
i=%d 2
i=%d 3
i=%d 4
out simulation-fisher_exclusive_len50sig15vari1.5noise8.0
pout pos_simulation-fisher_exclusive_len50sig15vari1.5noise8.0.out
nout neg_simulation-fisher_exclusive_len50sig15vari1.5noise8.0.out
pos 0.551700600426 0.854388769801 0.65609770452 1.13770410521 0.673460471635 0.773396939273 1.0501110334 1.55003232605 0.631550698147 0.594364082341 1.60256868953 0.898429500578 1.12975539804 0.852859082092 1.37700020627 1.70793058028 1.33705015682 0.986724923716 2.05602561874 0.908497123676 1.68879630625 1.07245174344 1.12452487582 1.87772240379 1.12975539804 1.38932013866 2.18629727862 1.12166485614 1.02591450866 2.20202464967 0.590334233109 1.96688626581 0.676717874441 1.23980370646 0.742118375098 1.96688626581 0.836217410772 1.20838354769 0.689856169857 1.46224293133 1.24392280486 1.60700384843 1.4696757221 0.9497690951 1.53389434627 1.60687665276 0.940833349131 2.28557070112 1.47240213337 0.871409696508 
mi -0.1
ma 2.38557070112
th 0
threshold -0.1
tp 50
fn 0
tn 0
fp 30575
tp/(tp+fn) 1.0
tp/(tp+fp) 0.00163265306122
th 1
threshold -0.0751442929888
tp 50
fn 0
tn 0
fp 30575
tp/(tp+fn) 1.0
tp/(tp+fp) 0.00163265306122
th 2
threshold -0.0502885859776
tp 50
fn 0
tn 0
fp 30575
tp/(tp+fn) 1.0
tp/(tp+fp) 0.00163265306122
th 3
threshold -0.0254328789664
tp 50
fn 0
tn 0
fp 30575
tp/(tp+fn) 1.0
tp/(tp+fp) 0.00163265306122
th 4
threshold -0.0005771719552
tp 50
fn 0
tn 0
fp 30575
tp/(tp+fn) 1.0
tp/(tp+fp) 0.00163265306122
th 5
threshold 0.024278535056
tp 50
fn 0
tn 2423
fp 28152
tp/(tp+fn) 1.0
tp/(tp+fp) 0.00177292390611
th 6
threshold 0.0491342420672
tp 50
fn 0
tn 2774
fp 27801
tp/(tp+fn) 1.0
tp/(tp+fp) 0.00179526767441
th 7
threshold 0.0739899490784
tp 50
fn 0
tn 3140
fp 27435
tp/(tp+fn) 1.0
tp/(tp+fp) 0.00181917409496
th 8
threshold 0.0988456560896
tp 50
fn 0
tn 3547
fp 27028
tp/(tp+fn) 1.0
tp/(tp+fp) 0.00184651746806
th 9
threshold 0.123701363101
tp 50
fn 0
tn 3877
fp 26698
tp/(tp+fn) 1.0
tp/(tp+fp) 0.00186929863915
th 10
threshold 0.148557070112
tp 50
fn 0
tn 4198
fp 26377
tp/(tp+fn) 1.0
tp/(tp+fp) 0.00189200438945
th 11
threshold 0.173412777123
tp 50
fn 0
tn 4549
fp 26026
tp/(tp+fn) 1.0
tp/(tp+fp) 0.00191747200491
th 12
threshold 0.198268484134
tp 50
fn 0
tn 4826
fp 25749
tp/(tp+fn) 1.0
tp/(tp+fp) 0.00193805961471
th 13
threshold 0.223124191146
tp 50
fn 0
tn 5013
fp 25562
tp/(tp+fn) 1.0
tp/(tp+fp) 0.00195220990161
th 14
threshold 0.247979898157
tp 50
fn 0
tn 5261
fp 25314
tp/(tp+fn) 1.0
tp/(tp+fp) 0.00197129790254
th 15
threshold 0.272835605168
tp 50
fn 0
tn 5493
fp 25082
tp/(tp+fn) 1.0
tp/(tp+fp) 0.00198949546395
th 16
threshold 0.297691312179
tp 50
fn 0
tn 5714
fp 24861
tp/(tp+fn) 1.0
tp/(tp+fp) 0.00200714543776
th 17
threshold 0.32254701919
tp 50
fn 0
tn 5865
fp 24710
tp/(tp+fn) 1.0
tp/(tp+fp) 0.00201938610662
th 18
threshold 0.347402726202
tp 50
fn 0
tn 6381
fp 24194
tp/(tp+fn) 1.0
tp/(tp+fp) 0.00206236594621
th 19
threshold 0.372258433213
tp 50
fn 0
tn 7555
fp 23020
tp/(tp+fn) 1.0
tp/(tp+fp) 0.00216731686173
th 20
threshold 0.397114140224
tp 50
fn 0
tn 8516
fp 22059
tp/(tp+fn) 1.0
tp/(tp+fp) 0.00226152245692
th 21
threshold 0.421969847235
tp 50
fn 0
tn 9303
fp 21272
tp/(tp+fn) 1.0
tp/(tp+fp) 0.00234499577901
th 22
threshold 0.446825554246
tp 50
fn 0
tn 9849
fp 20726
tp/(tp+fn) 1.0
tp/(tp+fp) 0.00240662302657
th 23
threshold 0.471681261258
tp 50
fn 0
tn 10980
fp 19595
tp/(tp+fn) 1.0
tp/(tp+fp) 0.00254517688979
th 24
threshold 0.496536968269
tp 50
fn 0
tn 12238
fp 18337
tp/(tp+fn) 1.0
tp/(tp+fp) 0.00271931255779
th 25
threshold 0.52139267528
tp 50
fn 0
tn 13233
fp 17342
tp/(tp+fn) 1.0
tp/(tp+fp) 0.0028748850046
th 26
threshold 0.546248382291
tp 50
fn 0
tn 14538
fp 16037
tp/(tp+fn) 1.0
tp/(tp+fp) 0.00310809970784
th 27
threshold 0.571104089302
tp 49
fn 1
tn 15792
fp 14783
tp/(tp+fn) 0.98
tp/(tp+fp) 0.00330366774542
th 28
threshold 0.595959796314
tp 47
fn 3
tn 17173
fp 13402
tp/(tp+fn) 0.94
tp/(tp+fp) 0.0034946836196
th 29
threshold 0.620815503325
tp 47
fn 3
tn 18276
fp 12299
tp/(tp+fn) 0.94
tp/(tp+fp) 0.00380690102057
th 30
threshold 0.645671210336
tp 46
fn 4
tn 19411
fp 11164
tp/(tp+fn) 0.92
tp/(tp+fp) 0.00410347903657
th 31
threshold 0.670526917347
tp 45
fn 5
tn 20213
fp 10362
tp/(tp+fn) 0.9
tp/(tp+fp) 0.00432401268377
th 32
threshold 0.695382624358
tp 42
fn 8
tn 21022
fp 9553
tp/(tp+fn) 0.84
tp/(tp+fp) 0.00437727983325
th 33
threshold 0.72023833137
tp 42
fn 8
tn 21599
fp 8976
tp/(tp+fn) 0.84
tp/(tp+fp) 0.00465735196274
th 34
threshold 0.745094038381
tp 41
fn 9
tn 22320
fp 8255
tp/(tp+fn) 0.82
tp/(tp+fp) 0.00494214079074
th 35
threshold 0.769949745392
tp 41
fn 9
tn 22711
fp 7864
tp/(tp+fn) 0.82
tp/(tp+fp) 0.00518659076534
th 36
threshold 0.794805452403
tp 40
fn 10
tn 23284
fp 7291
tp/(tp+fn) 0.8
tp/(tp+fp) 0.00545628154413
th 37
threshold 0.819661159414
tp 40
fn 10
tn 23746
fp 6829
tp/(tp+fn) 0.8
tp/(tp+fp) 0.00582326393944
th 38
threshold 0.844516866426
tp 39
fn 11
tn 24132
fp 6443
tp/(tp+fn) 0.78
tp/(tp+fp) 0.00601666152422
th 39
threshold 0.869372573437
tp 37
fn 13
tn 24546
fp 6029
tp/(tp+fn) 0.74
tp/(tp+fp) 0.00609957138147
th 40
threshold 0.894228280448
tp 36
fn 14
tn 24927
fp 5648
tp/(tp+fn) 0.72
tp/(tp+fp) 0.00633356790992
th 41
threshold 0.919083987459
tp 34
fn 16
tn 25248
fp 5327
tp/(tp+fn) 0.68
tp/(tp+fp) 0.00634210035441
th 42
threshold 0.94393969447
tp 33
fn 17
tn 25583
fp 4992
tp/(tp+fn) 0.66
tp/(tp+fp) 0.0065671641791
th 43
threshold 0.968795401482
tp 32
fn 18
tn 25966
fp 4609
tp/(tp+fn) 0.64
tp/(tp+fp) 0.0068950657186
th 44
threshold 0.993651108493
tp 31
fn 19
tn 26161
fp 4414
tp/(tp+fn) 0.62
tp/(tp+fp) 0.00697412823397
th 45
threshold 1.0185068155
tp 31
fn 19
tn 26355
fp 4220
tp/(tp+fn) 0.62
tp/(tp+fp) 0.00729240178781
th 46
threshold 1.04336252252
tp 30
fn 20
tn 26643
fp 3932
tp/(tp+fn) 0.6
tp/(tp+fp) 0.00757193336699
th 47
threshold 1.06821822953
tp 29
fn 21
tn 26858
fp 3717
tp/(tp+fn) 0.58
tp/(tp+fp) 0.00774159103043
th 48
threshold 1.09307393654
tp 28
fn 22
tn 27082
fp 3493
tp/(tp+fn) 0.56
tp/(tp+fp) 0.00795228628231
th 49
threshold 1.11792964355
tp 28
fn 22
tn 27258
fp 3317
tp/(tp+fn) 0.56
tp/(tp+fp) 0.00837070254111
th 50
threshold 1.14278535056
tp 23
fn 27
tn 27433
fp 3142
tp/(tp+fn) 0.46
tp/(tp+fp) 0.00726698262243
th 51
threshold 1.16764105757
tp 23
fn 27
tn 27643
fp 2932
tp/(tp+fn) 0.46
tp/(tp+fp) 0.0077834179357
th 52
threshold 1.19249676458
tp 23
fn 27
tn 27834
fp 2741
tp/(tp+fn) 0.46
tp/(tp+fp) 0.00832127351664
th 53
threshold 1.21735247159
tp 22
fn 28
tn 27948
fp 2627
tp/(tp+fn) 0.44
tp/(tp+fp) 0.00830502076255
th 54
threshold 1.2422081786
tp 21
fn 29
tn 28049
fp 2526
tp/(tp+fn) 0.42
tp/(tp+fp) 0.00824499411072
th 55
threshold 1.26706388562
tp 20
fn 30
tn 28199
fp 2376
tp/(tp+fn) 0.4
tp/(tp+fp) 0.00834724540902
th 56
threshold 1.29191959263
tp 20
fn 30
tn 28295
fp 2280
tp/(tp+fn) 0.4
tp/(tp+fp) 0.00869565217391
th 57
threshold 1.31677529964
tp 20
fn 30
tn 28411
fp 2164
tp/(tp+fn) 0.4
tp/(tp+fp) 0.00915750915751
th 58
threshold 1.34163100665
tp 19
fn 31
tn 28571
fp 2004
tp/(tp+fn) 0.38
tp/(tp+fp) 0.00939199209095
th 59
threshold 1.36648671366
tp 19
fn 31
tn 28648
fp 1927
tp/(tp+fn) 0.38
tp/(tp+fp) 0.00976361767729
th 60
threshold 1.39134242067
tp 17
fn 33
tn 28768
fp 1807
tp/(tp+fn) 0.34
tp/(tp+fp) 0.0093201754386
th 61
threshold 1.41619812768
tp 17
fn 33
tn 28864
fp 1711
tp/(tp+fn) 0.34
tp/(tp+fp) 0.00983796296296
th 62
threshold 1.44105383469
tp 17
fn 33
tn 28982
fp 1593
tp/(tp+fn) 0.34
tp/(tp+fp) 0.0105590062112
th 63
threshold 1.46590954171
tp 16
fn 34
tn 29059
fp 1516
tp/(tp+fn) 0.32
tp/(tp+fp) 0.0104438642298
th 64
threshold 1.49076524872
tp 14
fn 36
tn 29156
fp 1419
tp/(tp+fn) 0.28
tp/(tp+fp) 0.00976971388695
th 65
threshold 1.51562095573
tp 14
fn 36
tn 29210
fp 1365
tp/(tp+fn) 0.28
tp/(tp+fp) 0.010152284264
th 66
threshold 1.54047666274
tp 13
fn 37
tn 29289
fp 1286
tp/(tp+fn) 0.26
tp/(tp+fp) 0.0100076982294
th 67
threshold 1.56533236975
tp 12
fn 38
tn 29346
fp 1229
tp/(tp+fn) 0.24
tp/(tp+fp) 0.00966962127317
th 68
threshold 1.59018807676
tp 12
fn 38
tn 29423
fp 1152
tp/(tp+fn) 0.24
tp/(tp+fp) 0.0103092783505
th 69
threshold 1.61504378377
tp 9
fn 41
tn 29489
fp 1086
tp/(tp+fn) 0.18
tp/(tp+fp) 0.00821917808219
th 70
threshold 1.63989949078
tp 9
fn 41
tn 29521
fp 1054
tp/(tp+fn) 0.18
tp/(tp+fp) 0.00846660395108
th 71
threshold 1.6647551978
tp 9
fn 41
tn 29575
fp 1000
tp/(tp+fn) 0.18
tp/(tp+fp) 0.00891972249752
th 72
threshold 1.68961090481
tp 8
fn 42
tn 29645
fp 930
tp/(tp+fn) 0.16
tp/(tp+fp) 0.00852878464819
th 73
threshold 1.71446661182
tp 7
fn 43
tn 29692
fp 883
tp/(tp+fn) 0.14
tp/(tp+fp) 0.00786516853933
th 74
threshold 1.73932231883
tp 7
fn 43
tn 29760
fp 815
tp/(tp+fn) 0.14
tp/(tp+fp) 0.00851581508516
th 75
threshold 1.76417802584
tp 7
fn 43
tn 29791
fp 784
tp/(tp+fn) 0.14
tp/(tp+fp) 0.00884955752212
th 76
threshold 1.78903373285
tp 7
fn 43
tn 29841
fp 734
tp/(tp+fn) 0.14
tp/(tp+fp) 0.00944669365722
th 77
threshold 1.81388943986
tp 7
fn 43
tn 29874
fp 701
tp/(tp+fn) 0.14
tp/(tp+fp) 0.00988700564972
th 78
threshold 1.83874514687
tp 7
fn 43
tn 29912
fp 663
tp/(tp+fn) 0.14
tp/(tp+fp) 0.010447761194
th 79
threshold 1.86360085388
tp 7
fn 43
tn 29933
fp 642
tp/(tp+fn) 0.14
tp/(tp+fp) 0.0107858243451
th 80
threshold 1.8884565609
tp 6
fn 44
tn 29978
fp 597
tp/(tp+fn) 0.12
tp/(tp+fp) 0.00995024875622
th 81
threshold 1.91331226791
tp 6
fn 44
tn 30012
fp 563
tp/(tp+fn) 0.12
tp/(tp+fp) 0.0105448154657
th 82
threshold 1.93816797492
tp 6
fn 44
tn 30033
fp 542
tp/(tp+fn) 0.12
tp/(tp+fp) 0.0109489051095
th 83
threshold 1.96302368193
tp 6
fn 44
tn 30067
fp 508
tp/(tp+fn) 0.12
tp/(tp+fp) 0.011673151751
th 84
threshold 1.98787938894
tp 4
fn 46
tn 30100
fp 475
tp/(tp+fn) 0.08
tp/(tp+fp) 0.00835073068894
th 85
threshold 2.01273509595
tp 4
fn 46
tn 30120
fp 455
tp/(tp+fn) 0.08
tp/(tp+fp) 0.00871459694989
th 86
threshold 2.03759080296
tp 4
fn 46
tn 30138
fp 437
tp/(tp+fn) 0.08
tp/(tp+fp) 0.00907029478458
th 87
threshold 2.06244650997
tp 3
fn 47
tn 30162
fp 413
tp/(tp+fn) 0.06
tp/(tp+fp) 0.00721153846154
th 88
threshold 2.08730221699
tp 3
fn 47
tn 30202
fp 373
tp/(tp+fn) 0.06
tp/(tp+fp) 0.00797872340426
th 89
threshold 2.112157924
tp 3
fn 47
tn 30224
fp 351
tp/(tp+fn) 0.06
tp/(tp+fp) 0.00847457627119
th 90
threshold 2.13701363101
tp 3
fn 47
tn 30226
fp 349
tp/(tp+fn) 0.06
tp/(tp+fp) 0.00852272727273
th 91
threshold 2.16186933802
tp 3
fn 47
tn 30230
fp 345
tp/(tp+fn) 0.06
tp/(tp+fp) 0.00862068965517
th 92
threshold 2.18672504503
tp 2
fn 48
tn 30252
fp 323
tp/(tp+fn) 0.04
tp/(tp+fp) 0.00615384615385
th 93
threshold 2.21158075204
tp 1
fn 49
tn 30274
fp 301
tp/(tp+fn) 0.02
tp/(tp+fp) 0.00331125827815
th 94
threshold 2.23643645905
tp 1
fn 49
tn 30290
fp 285
tp/(tp+fn) 0.02
tp/(tp+fp) 0.0034965034965
th 95
threshold 2.26129216606
tp 1
fn 49
tn 30298
fp 277
tp/(tp+fn) 0.02
tp/(tp+fp) 0.00359712230216
th 96
threshold 2.28614787308
tp 0
fn 50
tn 30311
fp 264
th 97
threshold 2.31100358009
tp 0
fn 50
tn 30337
fp 238
th 98
threshold 2.3358592871
tp 0
fn 50
tn 30340
fp 235
th 99
threshold 2.36071499411
tp 0
fn 50
tn 30349
fp 226
recall [1.0, 1.0, 1.0, 1.0, 1.0, 1.0, 1.0, 1.0, 1.0, 1.0, 1.0, 1.0, 1.0, 1.0, 1.0, 1.0, 1.0, 1.0, 1.0, 1.0, 1.0, 1.0, 1.0, 1.0, 1.0, 1.0, 1.0, 0.98, 0.94, 0.94, 0.92, 0.9, 0.84, 0.84, 0.82, 0.82, 0.8, 0.8, 0.78, 0.74, 0.72, 0.68, 0.66, 0.64, 0.62, 0.62, 0.6, 0.58, 0.56, 0.56, 0.46, 0.46, 0.46, 0.44, 0.42, 0.4, 0.4, 0.4, 0.38, 0.38, 0.34, 0.34, 0.34, 0.32, 0.28, 0.28, 0.26, 0.24, 0.24, 0.18, 0.18, 0.18, 0.16, 0.14, 0.14, 0.14, 0.14, 0.14, 0.14, 0.14, 0.12, 0.12, 0.12, 0.12, 0.08, 0.08, 0.08, 0.06, 0.06, 0.06, 0.06, 0.06, 0.04, 0.02, 0.02, 0.02, 0, 0, 0, 0]
precision [0.0016326530612244899, 0.0016326530612244899, 0.0016326530612244899, 0.0016326530612244899, 0.0016326530612244899, 0.0017729239061059499, 0.0017952676744102546, 0.0018191740949608877, 0.0018465174680552478, 0.0018692986391505907, 0.0018920043894501836, 0.0019174720049087283, 0.0019380596147137487, 0.001952209901608621, 0.0019712979025390317, 0.001989495463950342, 0.00200714543775842, 0.0020193861066235864, 0.002062365946213496, 0.002167316861725184, 0.002261522456917997, 0.002344995779007598, 0.002406623026569118, 0.0025451768897938407, 0.002719312557785392, 0.002874885004599816, 0.0031080997078386276, 0.003303667745415318, 0.0034946836195999705, 0.003806901020573465, 0.004103479036574487, 0.004324012683770539, 0.004377279833246483, 0.004657351962741184, 0.004942140790742526, 0.005186590765338394, 0.005456281544127677, 0.005823263939438055, 0.00601666152422092, 0.006099571381470491, 0.0063335679099225895, 0.00634210035441149, 0.006567164179104477, 0.00689506571859513, 0.006974128233970754, 0.007292401787814632, 0.00757193336698637, 0.007741591030432461, 0.007952286282306162, 0.00837070254110613, 0.0072669826224328595, 0.0077834179357022, 0.008321273516642547, 0.008305020762551907, 0.008244994110718492, 0.008347245409015025, 0.008695652173913044, 0.009157509157509158, 0.009391992090954029, 0.009763617677286743, 0.00932017543859649, 0.009837962962962963, 0.010559006211180125, 0.010443864229765013, 0.009769713886950453, 0.01015228426395939, 0.010007698229407237, 0.009669621273166801, 0.010309278350515464, 0.00821917808219178, 0.008466603951081843, 0.008919722497522299, 0.008528784648187633, 0.007865168539325843, 0.00851581508515815, 0.008849557522123894, 0.009446693657219974, 0.009887005649717515, 0.010447761194029851, 0.01078582434514638, 0.009950248756218905, 0.01054481546572935, 0.010948905109489052, 0.011673151750972763, 0.008350730688935281, 0.008714596949891068, 0.009070294784580499, 0.007211538461538462, 0.007978723404255319, 0.00847457627118644, 0.008522727272727272, 0.008620689655172414, 0.006153846153846154, 0.0033112582781456954, 0.0034965034965034965, 0.0035971223021582736, 0, 0, 0, 0]
0
total= 0.00722933530961
c = prarea_simulation-fisher_exclusive_len50sig15vari1.5noise8.0.out
out simulationout-poisson_pp_len50sig15vari1.5noise8.0
pout pos_simulationout-poisson_pp_len50sig15vari1.5noise8.0.out
nout neg_simulationout-poisson_pp_len50sig15vari1.5noise8.0.out
pos 0.356401396019 0.0929438705822 0.287488963471 0.0993032874893 0.201771427949 0.159267061674 0.116714842046 0.0279406536267 0.27481218388 0.329428906104 0.0411763415328 0.0867531222261 0.0808233673968 0.146786260347 0.0602127216378 0.0229603107824 0.0388051945623 0.0915167280275 0.020671492659 0.119939288942 0.0312704753655 0.0660895584213 0.0915500490569 0.0224810180436 0.0808233673968 0.0539480592971 0.0100337359569 0.0740046515928 0.0867895212629 0.0104812531166 0.360841749485 0.0237593928451 0.236699643428 0.0743355297032 0.2113790856 0.0237593928451 0.162425990967 0.0483774691236 0.250546743507 0.0403042011758 0.050568686702 0.0482454087963 0.0311667385375 0.121796452767 0.0438979437607 0.0324297787991 0.0791844441558 0.00899613196881 0.0340187180136 0.178804913243 
mi -0.0888412482909
ma 0.460841749485
th 0
threshold -0.0888412482909
tp 50
fn 0
tn 0
fp 30575
tp/(tp+fn) 1.0
tp/(tp+fp) 0.00163265306122
th 1
threshold -0.0833444183131
tp 50
fn 0
tn 0
fp 30575
tp/(tp+fn) 1.0
tp/(tp+fp) 0.00163265306122
th 2
threshold -0.0778475883354
tp 50
fn 0
tn 0
fp 30575
tp/(tp+fn) 1.0
tp/(tp+fp) 0.00163265306122
th 3
threshold -0.0723507583576
tp 50
fn 0
tn 0
fp 30575
tp/(tp+fn) 1.0
tp/(tp+fp) 0.00163265306122
th 4
threshold -0.0668539283799
tp 50
fn 0
tn 0
fp 30575
tp/(tp+fn) 1.0
tp/(tp+fp) 0.00163265306122
th 5
threshold -0.0613570984021
tp 50
fn 0
tn 0
fp 30575
tp/(tp+fn) 1.0
tp/(tp+fp) 0.00163265306122
th 6
threshold -0.0558602684243
tp 50
fn 0
tn 0
fp 30575
tp/(tp+fn) 1.0
tp/(tp+fp) 0.00163265306122
th 7
threshold -0.0503634384466
tp 50
fn 0
tn 0
fp 30575
tp/(tp+fn) 1.0
tp/(tp+fp) 0.00163265306122
th 8
threshold -0.0448666084688
tp 50
fn 0
tn 0
fp 30575
tp/(tp+fn) 1.0
tp/(tp+fp) 0.00163265306122
th 9
threshold -0.0393697784911
tp 50
fn 0
tn 0
fp 30575
tp/(tp+fn) 1.0
tp/(tp+fp) 0.00163265306122
th 10
threshold -0.0338729485133
tp 50
fn 0
tn 0
fp 30575
tp/(tp+fn) 1.0
tp/(tp+fp) 0.00163265306122
th 11
threshold -0.0283761185356
tp 50
fn 0
tn 0
fp 30575
tp/(tp+fn) 1.0
tp/(tp+fp) 0.00163265306122
th 12
threshold -0.0228792885578
tp 50
fn 0
tn 0
fp 30575
tp/(tp+fn) 1.0
tp/(tp+fp) 0.00163265306122
th 13
threshold -0.01738245858
tp 50
fn 0
tn 0
fp 30575
tp/(tp+fn) 1.0
tp/(tp+fp) 0.00163265306122
th 14
threshold -0.0118856286023
tp 50
fn 0
tn 0
fp 30575
tp/(tp+fn) 1.0
tp/(tp+fp) 0.00163265306122
th 15
threshold -0.00638879862451
tp 50
fn 0
tn 0
fp 30575
tp/(tp+fn) 1.0
tp/(tp+fp) 0.00163265306122
th 16
threshold -0.000891968646756
tp 50
fn 0
tn 0
fp 30575
tp/(tp+fn) 1.0
tp/(tp+fp) 0.00163265306122
th 17
threshold 0.004604861331
tp 50
fn 0
tn 0
fp 30575
tp/(tp+fn) 1.0
tp/(tp+fp) 0.00163265306122
th 18
threshold 0.0101016913088
tp 48
fn 2
tn 0
fp 30575
tp/(tp+fn) 0.96
tp/(tp+fp) 0.00156744930281
th 19
threshold 0.0155985212865
tp 47
fn 3
tn 2
fp 30573
tp/(tp+fn) 0.94
tp/(tp+fp) 0.00153494448073
th 20
threshold 0.0210953512643
tp 46
fn 4
tn 9
fp 30566
tp/(tp+fn) 0.92
tp/(tp+fp) 0.0015026786881
th 21
threshold 0.026592181242
tp 42
fn 8
tn 16
fp 30559
tp/(tp+fn) 0.84
tp/(tp+fp) 0.00137250416653
th 22
threshold 0.0320890112198
tp 39
fn 11
tn 31
fp 30544
tp/(tp+fn) 0.78
tp/(tp+fp) 0.00127521825851
th 23
threshold 0.0375858411976
tp 37
fn 13
tn 42
fp 30533
tp/(tp+fn) 0.74
tp/(tp+fp) 0.00121033693163
th 24
threshold 0.0430826711753
tp 34
fn 16
tn 58
fp 30517
tp/(tp+fn) 0.68
tp/(tp+fp) 0.00111289319499
th 25
threshold 0.0485795011531
tp 31
fn 19
tn 74
fp 30501
tp/(tp+fn) 0.62
tp/(tp+fp) 0.00101532818027
th 26
threshold 0.0540763311308
tp 29
fn 21
tn 102
fp 30473
tp/(tp+fn) 0.58
tp/(tp+fp) 0.000950757327388
th 27
threshold 0.0595731611086
tp 29
fn 21
tn 109
fp 30466
tp/(tp+fn) 0.58
tp/(tp+fp) 0.000950975569766
th 28
threshold 0.0650699910864
tp 28
fn 22
tn 138
fp 30437
tp/(tp+fn) 0.56
tp/(tp+fp) 0.000919087477433
th 29
threshold 0.0705668210641
tp 27
fn 23
tn 165
fp 30410
tp/(tp+fn) 0.54
tp/(tp+fp) 0.000887078227158
th 30
threshold 0.0760636510419
tp 25
fn 25
tn 206
fp 30369
tp/(tp+fn) 0.5
tp/(tp+fp) 0.000822530762651
th 31
threshold 0.0815604810196
tp 22
fn 28
tn 234
fp 30341
tp/(tp+fn) 0.44
tp/(tp+fp) 0.00072456608372
th 32
threshold 0.0870573109974
tp 20
fn 30
tn 282
fp 30293
tp/(tp+fn) 0.4
tp/(tp+fp) 0.000659782931416
th 33
threshold 0.0925541409751
tp 18
fn 32
tn 297
fp 30278
tp/(tp+fn) 0.36
tp/(tp+fp) 0.000594137839979
th 34
threshold 0.0980509709529
tp 17
fn 33
tn 347
fp 30228
tp/(tp+fn) 0.34
tp/(tp+fp) 0.000562076376261
th 35
threshold 0.103547800931
tp 16
fn 34
tn 417
fp 30158
tp/(tp+fn) 0.32
tp/(tp+fp) 0.000530257837874
th 36
threshold 0.109044630908
tp 16
fn 34
tn 444
fp 30131
tp/(tp+fn) 0.32
tp/(tp+fp) 0.000530732742893
th 37
threshold 0.114541460886
tp 16
fn 34
tn 465
fp 30110
tp/(tp+fn) 0.32
tp/(tp+fp) 0.000531102701985
th 38
threshold 0.120038290864
tp 14
fn 36
tn 562
fp 30013
tp/(tp+fn) 0.28
tp/(tp+fp) 0.000466247044327
th 39
threshold 0.125535120842
tp 13
fn 37
tn 626
fp 29949
tp/(tp+fn) 0.26
tp/(tp+fp) 0.000433882918363
th 40
threshold 0.131031950819
tp 13
fn 37
tn 688
fp 29887
tp/(tp+fn) 0.26
tp/(tp+fp) 0.000434782608696
th 41
threshold 0.136528780797
tp 13
fn 37
tn 740
fp 29835
tp/(tp+fn) 0.26
tp/(tp+fp) 0.000435540069686
th 42
threshold 0.142025610775
tp 13
fn 37
tn 801
fp 29774
tp/(tp+fn) 0.26
tp/(tp+fp) 0.000436432000537
th 43
threshold 0.147522440753
tp 12
fn 38
tn 864
fp 29711
tp/(tp+fn) 0.24
tp/(tp+fp) 0.000403727752919
th 44
threshold 0.15301927073
tp 12
fn 38
tn 966
fp 29609
tp/(tp+fn) 0.24
tp/(tp+fp) 0.000405117990615
th 45
threshold 0.158516100708
tp 12
fn 38
tn 1044
fp 29531
tp/(tp+fn) 0.24
tp/(tp+fp) 0.000406187590969
th 46
threshold 0.164012930686
tp 10
fn 40
tn 1076
fp 29499
tp/(tp+fn) 0.2
tp/(tp+fp) 0.000338879663831
th 47
threshold 0.169509760664
tp 10
fn 40
tn 1158
fp 29417
tp/(tp+fn) 0.2
tp/(tp+fp) 0.000339823971183
th 48
threshold 0.175006590642
tp 10
fn 40
tn 1211
fp 29364
tp/(tp+fn) 0.2
tp/(tp+fp) 0.000340437121264
th 49
threshold 0.180503420619
tp 9
fn 41
tn 1360
fp 29215
tp/(tp+fn) 0.18
tp/(tp+fp) 0.000307966055297
th 50
threshold 0.186000250597
tp 9
fn 41
tn 1404
fp 29171
tp/(tp+fn) 0.18
tp/(tp+fp) 0.000308430431803
th 51
threshold 0.191497080575
tp 9
fn 41
tn 1469
fp 29106
tp/(tp+fn) 0.18
tp/(tp+fp) 0.000309119010819
th 52
threshold 0.196993910553
tp 9
fn 41
tn 1634
fp 28941
tp/(tp+fn) 0.18
tp/(tp+fp) 0.000310880829016
th 53
threshold 0.20249074053
tp 8
fn 42
tn 1689
fp 28886
tp/(tp+fn) 0.16
tp/(tp+fp) 0.000276874091507
th 54
threshold 0.207987570508
tp 8
fn 42
tn 1866
fp 28709
tp/(tp+fn) 0.16
tp/(tp+fp) 0.000278580631682
th 55
threshold 0.213484400486
tp 7
fn 43
tn 1906
fp 28669
tp/(tp+fn) 0.14
tp/(tp+fp) 0.000244106569954
th 56
threshold 0.218981230464
tp 7
fn 43
tn 1996
fp 28579
tp/(tp+fn) 0.14
tp/(tp+fp) 0.000244875113692
th 57
threshold 0.224478060441
tp 7
fn 43
tn 2133
fp 28442
tp/(tp+fn) 0.14
tp/(tp+fp) 0.000246054342859
th 58
threshold 0.229974890419
tp 7
fn 43
tn 2186
fp 28389
tp/(tp+fn) 0.14
tp/(tp+fp) 0.000246513593464
th 59
threshold 0.235471720397
tp 7
fn 43
tn 2292
fp 28283
tp/(tp+fn) 0.14
tp/(tp+fp) 0.000247437256981
th 60
threshold 0.240968550375
tp 6
fn 44
tn 2404
fp 28171
tp/(tp+fn) 0.12
tp/(tp+fp) 0.000212939631614
th 61
threshold 0.246465380352
tp 6
fn 44
tn 2528
fp 28047
tp/(tp+fn) 0.12
tp/(tp+fp) 0.000213880868356
th 62
threshold 0.25196221033
tp 5
fn 45
tn 2562
fp 28013
tp/(tp+fn) 0.1
tp/(tp+fp) 0.000178456706403
th 63
threshold 0.257459040308
tp 5
fn 45
tn 2781
fp 27794
tp/(tp+fn) 0.1
tp/(tp+fp) 0.000179862584985
th 64
threshold 0.262955870286
tp 5
fn 45
tn 2862
fp 27713
tp/(tp+fn) 0.1
tp/(tp+fp) 0.000180388195396
th 65
threshold 0.268452700263
tp 5
fn 45
tn 3056
fp 27519
tp/(tp+fn) 0.1
tp/(tp+fp) 0.000181659642494
th 66
threshold 0.273949530241
tp 5
fn 45
tn 3126
fp 27449
tp/(tp+fn) 0.1
tp/(tp+fp) 0.000182122823632
th 67
threshold 0.279446360219
tp 4
fn 46
tn 3221
fp 27354
tp/(tp+fn) 0.08
tp/(tp+fp) 0.00014620951824
th 68
threshold 0.284943190197
tp 4
fn 46
tn 3280
fp 27295
tp/(tp+fn) 0.08
tp/(tp+fp) 0.000146525513755
th 69
threshold 0.290440020174
tp 3
fn 47
tn 3474
fp 27101
tp/(tp+fn) 0.06
tp/(tp+fp) 0.000110684769776
th 70
threshold 0.295936850152
tp 3
fn 47
tn 3565
fp 27010
tp/(tp+fn) 0.06
tp/(tp+fp) 0.000111057638915
th 71
threshold 0.30143368013
tp 3
fn 47
tn 3727
fp 26848
tp/(tp+fn) 0.06
tp/(tp+fp) 0.000111727682395
th 72
threshold 0.306930510108
tp 3
fn 47
tn 3818
fp 26757
tp/(tp+fn) 0.06
tp/(tp+fp) 0.000112107623318
th 73
threshold 0.312427340086
tp 3
fn 47
tn 3902
fp 26673
tp/(tp+fn) 0.06
tp/(tp+fp) 0.000112460638776
th 74
threshold 0.317924170063
tp 3
fn 47
tn 4026
fp 26549
tp/(tp+fn) 0.06
tp/(tp+fp) 0.000112985839108
th 75
threshold 0.323421000041
tp 3
fn 47
tn 4241
fp 26334
tp/(tp+fn) 0.06
tp/(tp+fp) 0.000113908189999
th 76
threshold 0.328917830019
tp 3
fn 47
tn 4291
fp 26284
tp/(tp+fn) 0.06
tp/(tp+fp) 0.000114124852589
th 77
threshold 0.334414659997
tp 2
fn 48
tn 4506
fp 26069
tp/(tp+fn) 0.04
tp/(tp+fp) 7.67135898124e-05
th 78
threshold 0.339911489974
tp 2
fn 48
tn 4574
fp 26001
tp/(tp+fn) 0.04
tp/(tp+fp) 7.69142022074e-05
th 79
threshold 0.345408319952
tp 2
fn 48
tn 4796
fp 25779
tp/(tp+fn) 0.04
tp/(tp+fp) 7.75765098328e-05
th 80
threshold 0.35090514993
tp 2
fn 48
tn 4808
fp 25767
tp/(tp+fn) 0.04
tp/(tp+fp) 7.7612635337e-05
th 81
threshold 0.356401979908
tp 1
fn 49
tn 4909
fp 25666
tp/(tp+fn) 0.02
tp/(tp+fp) 3.89605329801e-05
th 82
threshold 0.361898809885
tp 0
fn 50
tn 5028
fp 25547
th 83
threshold 0.367395639863
tp 0
fn 50
tn 5261
fp 25314
th 84
threshold 0.372892469841
tp 0
fn 50
tn 5439
fp 25136
th 85
threshold 0.378389299819
tp 0
fn 50
tn 5580
fp 24995
th 86
threshold 0.383886129796
tp 0
fn 50
tn 5650
fp 24925
th 87
threshold 0.389382959774
tp 0
fn 50
tn 5827
fp 24748
th 88
threshold 0.394879789752
tp 0
fn 50
tn 5971
fp 24604
th 89
threshold 0.40037661973
tp 0
fn 50
tn 6074
fp 24501
th 90
threshold 0.405873449707
tp 0
fn 50
tn 6165
fp 24410
th 91
threshold 0.411370279685
tp 0
fn 50
tn 6276
fp 24299
th 92
threshold 0.416867109663
tp 0
fn 50
tn 6312
fp 24263
th 93
threshold 0.422363939641
tp 0
fn 50
tn 6702
fp 23873
th 94
threshold 0.427860769618
tp 0
fn 50
tn 6785
fp 23790
th 95
threshold 0.433357599596
tp 0
fn 50
tn 6906
fp 23669
th 96
threshold 0.438854429574
tp 0
fn 50
tn 7112
fp 23463
th 97
threshold 0.444351259552
tp 0
fn 50
tn 7246
fp 23329
th 98
threshold 0.449848089529
tp 0
fn 50
tn 7315
fp 23260
th 99
threshold 0.455344919507
tp 0
fn 50
tn 7528
fp 23047
recall [1.0, 1.0, 1.0, 1.0, 1.0, 1.0, 1.0, 1.0, 1.0, 1.0, 1.0, 1.0, 1.0, 1.0, 1.0, 1.0, 1.0, 1.0, 0.96, 0.94, 0.92, 0.84, 0.78, 0.74, 0.68, 0.62, 0.58, 0.58, 0.56, 0.54, 0.5, 0.44, 0.4, 0.36, 0.34, 0.32, 0.32, 0.32, 0.28, 0.26, 0.26, 0.26, 0.26, 0.24, 0.24, 0.24, 0.2, 0.2, 0.2, 0.18, 0.18, 0.18, 0.18, 0.16, 0.16, 0.14, 0.14, 0.14, 0.14, 0.14, 0.12, 0.12, 0.1, 0.1, 0.1, 0.1, 0.1, 0.08, 0.08, 0.06, 0.06, 0.06, 0.06, 0.06, 0.06, 0.06, 0.06, 0.04, 0.04, 0.04, 0.04, 0.02, 0, 0, 0, 0, 0, 0, 0, 0, 0, 0, 0, 0, 0, 0, 0, 0, 0, 0]
precision [0.0016326530612244899, 0.0016326530612244899, 0.0016326530612244899, 0.0016326530612244899, 0.0016326530612244899, 0.0016326530612244899, 0.0016326530612244899, 0.0016326530612244899, 0.0016326530612244899, 0.0016326530612244899, 0.0016326530612244899, 0.0016326530612244899, 0.0016326530612244899, 0.0016326530612244899, 0.0016326530612244899, 0.0016326530612244899, 0.0016326530612244899, 0.0016326530612244899, 0.0015674493028116122, 0.001534944480731548, 0.0015026786880961715, 0.0013725041665305056, 0.0012752182585096296, 0.0012103369316323193, 0.0011128931949854343, 0.0010153281802698809, 0.0009507573273883679, 0.0009509755697655354, 0.00091908747743312, 0.0008870782271577357, 0.0008225307626505232, 0.0007245660837203175, 0.0006597829314155643, 0.0005941378399788751, 0.0005620763762605389, 0.0005302578378736661, 0.0005307327428931568, 0.0005311027019849964, 0.0004662470443267726, 0.00043388291836326013, 0.0004347826086956522, 0.00043554006968641115, 0.0004364320005371471, 0.0004037277529186152, 0.00040511799061476657, 0.0004061875909690959, 0.0003388796638313735, 0.00033982397118292727, 0.0003404371212637026, 0.00030796605529701616, 0.0003084304318026045, 0.0003091190108191654, 0.000310880829015544, 0.0002768740915068872, 0.0002785806316815823, 0.00024410656995396847, 0.0002448751136920171, 0.00024605434285915144, 0.0002465135934638681, 0.00024743725698126546, 0.0002129396316144373, 0.00021388086835632552, 0.00017845670640302664, 0.0001798625849850714, 0.00018038819539649325, 0.00018165964249382358, 0.00018212282363225759, 0.0001462095182396374, 0.0001465255137550826, 0.00011068476977567887, 0.00011105763891459668, 0.00011172768239544151, 0.00011210762331838565, 0.00011246063877642825, 0.00011298583910816512, 0.00011390818999886092, 0.00011412485258873207, 7.671358981243527e-05, 7.69142022074376e-05, 7.757650983282262e-05, 7.761263533703286e-05, 3.8960532980091166e-05, 0, 0, 0, 0, 0, 0, 0, 0, 0, 0, 0, 0, 0, 0, 0, 0, 0, 0]
0
total= 0.000822721797988
c = prarea_simulationout-poisson_pp_len50sig15vari1.5noise8.0.out
out simulationout-poisson_ss_len50sig15vari1.5noise8.0
pout pos_simulationout-poisson_ss_len50sig15vari1.5noise8.0.out
nout neg_simulationout-poisson_ss_len50sig15vari1.5noise8.0.out
pos 0.531399995534 0.0244512372594 1.80197006909 0.884726405197 0.261945351331 0.261945351331 1.33164949933 0.0267543715434 0.810870578553 0.810870578553 0.255403195289 0.0217559144924 0.243190588837 0.477121428437 0.271682099491 0.0237981925104 0.0200463909553 0.093459929081 0.270741150364 0.270741150364 0.0918386779207 0.0196037855541 0.458856017361 0.0883231470407 0.298929018136 0.298929018136 0.02856223044 0.123777770284 0.0942612020867 0.0201446730297 1.34211938862 0.119198293836 0.967515818772 0.60220072554 1.41537595179 0.132413730872 0.753837117723 0.017466658873 1.74334478154 0.106321277661 0.023409611312 0.848869583414 0.0292612870453 0.581819565448 0.27449591403 0.108705625703 0.0233196655421 0.0233196655421 0.0269759736722 3.77494930386 
mi -0.082533341127
ma 3.87494930386
th 0
threshold -0.082533341127
tp 50
fn 0
tn 0
fp 30575
tp/(tp+fn) 1.0
tp/(tp+fp) 0.00163265306122
th 1
threshold -0.0429585146771
tp 50
fn 0
tn 0
fp 30575
tp/(tp+fn) 1.0
tp/(tp+fp) 0.00163265306122
th 2
threshold -0.00338368822726
tp 50
fn 0
tn 0
fp 30575
tp/(tp+fn) 1.0
tp/(tp+fp) 0.00163265306122
th 3
threshold 0.0361911382226
tp 36
fn 14
tn 7379
fp 23196
tp/(tp+fn) 0.72
tp/(tp+fp) 0.00154958677686
th 4
threshold 0.0757659646725
tp 36
fn 14
tn 7379
fp 23196
tp/(tp+fn) 0.72
tp/(tp+fp) 0.00154958677686
th 5
threshold 0.115340791122
tp 30
fn 20
tn 11051
fp 19524
tp/(tp+fn) 0.6
tp/(tp+fp) 0.00153421294876
th 6
threshold 0.154915617572
tp 27
fn 23
tn 12963
fp 17612
tp/(tp+fn) 0.54
tp/(tp+fp) 0.00153069901922
th 7
threshold 0.194490444022
tp 27
fn 23
tn 12963
fp 17612
tp/(tp+fn) 0.54
tp/(tp+fp) 0.00153069901922
th 8
threshold 0.234065270472
tp 27
fn 23
tn 13284
fp 17291
tp/(tp+fn) 0.54
tp/(tp+fp) 0.00155907148631
th 9
threshold 0.273640096922
tp 20
fn 30
tn 15462
fp 15113
tp/(tp+fn) 0.4
tp/(tp+fp) 0.00132161501355
th 10
threshold 0.313214923372
tp 17
fn 33
tn 17175
fp 13400
tp/(tp+fn) 0.34
tp/(tp+fp) 0.00126704926586
th 11
threshold 0.352789749822
tp 17
fn 33
tn 17522
fp 13053
tp/(tp+fn) 0.34
tp/(tp+fp) 0.00130068859985
th 12
threshold 0.392364576271
tp 17
fn 33
tn 17522
fp 13053
tp/(tp+fn) 0.34
tp/(tp+fp) 0.00130068859985
th 13
threshold 0.431939402721
tp 17
fn 33
tn 17522
fp 13053
tp/(tp+fn) 0.34
tp/(tp+fp) 0.00130068859985
th 14
threshold 0.471514229171
tp 16
fn 34
tn 17940
fp 12635
tp/(tp+fn) 0.32
tp/(tp+fp) 0.00126472215635
th 15
threshold 0.511089055621
tp 15
fn 35
tn 18839
fp 11736
tp/(tp+fn) 0.3
tp/(tp+fp) 0.00127648710748
th 16
threshold 0.550663882071
tp 14
fn 36
tn 20108
fp 10467
tp/(tp+fn) 0.28
tp/(tp+fp) 0.0013357504055
th 17
threshold 0.590238708521
tp 13
fn 37
tn 20955
fp 9620
tp/(tp+fn) 0.26
tp/(tp+fp) 0.00134952766532
th 18
threshold 0.629813534971
tp 12
fn 38
tn 21226
fp 9349
tp/(tp+fn) 0.24
tp/(tp+fp) 0.00128191432539
th 19
threshold 0.669388361421
tp 12
fn 38
tn 21226
fp 9349
tp/(tp+fn) 0.24
tp/(tp+fp) 0.00128191432539
th 20
threshold 0.70896318787
tp 12
fn 38
tn 21226
fp 9349
tp/(tp+fn) 0.24
tp/(tp+fp) 0.00128191432539
th 21
threshold 0.74853801432
tp 12
fn 38
tn 21226
fp 9349
tp/(tp+fn) 0.24
tp/(tp+fp) 0.00128191432539
th 22
threshold 0.78811284077
tp 11
fn 39
tn 21541
fp 9034
tp/(tp+fn) 0.22
tp/(tp+fp) 0.00121614151465
th 23
threshold 0.82768766722
tp 9
fn 41
tn 22175
fp 8400
tp/(tp+fn) 0.18
tp/(tp+fp) 0.00107028184088
th 24
threshold 0.86726249367
tp 8
fn 42
tn 23057
fp 7518
tp/(tp+fn) 0.16
tp/(tp+fp) 0.00106298166357
th 25
threshold 0.90683732012
tp 7
fn 43
tn 23381
fp 7194
tp/(tp+fn) 0.14
tp/(tp+fp) 0.00097208721011
th 26
threshold 0.94641214657
tp 7
fn 43
tn 23929
fp 6646
tp/(tp+fn) 0.14
tp/(tp+fp) 0.00105215692169
th 27
threshold 0.985986973019
tp 6
fn 44
tn 24124
fp 6451
tp/(tp+fn) 0.12
tp/(tp+fp) 0.000929224097878
th 28
threshold 1.02556179947
tp 6
fn 44
tn 24156
fp 6419
tp/(tp+fn) 0.12
tp/(tp+fp) 0.000933852140078
th 29
threshold 1.06513662592
tp 6
fn 44
tn 24156
fp 6419
tp/(tp+fn) 0.12
tp/(tp+fp) 0.000933852140078
th 30
threshold 1.10471145237
tp 6
fn 44
tn 24156
fp 6419
tp/(tp+fn) 0.12
tp/(tp+fp) 0.000933852140078
th 31
threshold 1.14428627882
tp 6
fn 44
tn 24234
fp 6341
tp/(tp+fn) 0.12
tp/(tp+fp) 0.000945328501654
th 32
threshold 1.18386110527
tp 6
fn 44
tn 24411
fp 6164
tp/(tp+fn) 0.12
tp/(tp+fp) 0.00097244732577
th 33
threshold 1.22343593172
tp 6
fn 44
tn 24892
fp 5683
tp/(tp+fn) 0.12
tp/(tp+fp) 0.00105466690104
th 34
threshold 1.26301075817
tp 6
fn 44
tn 25254
fp 5321
tp/(tp+fn) 0.12
tp/(tp+fp) 0.00112633752581
th 35
threshold 1.30258558462
tp 6
fn 44
tn 25623
fp 4952
tp/(tp+fn) 0.12
tp/(tp+fp) 0.00121016538927
th 36
threshold 1.34216041107
tp 4
fn 46
tn 25836
fp 4739
tp/(tp+fn) 0.08
tp/(tp+fp) 0.000843348091925
th 37
threshold 1.38173523752
tp 4
fn 46
tn 26190
fp 4385
tp/(tp+fn) 0.08
tp/(tp+fp) 0.000911369332422
th 38
threshold 1.42131006397
tp 3
fn 47
tn 26346
fp 4229
tp/(tp+fn) 0.06
tp/(tp+fp) 0.000708884688091
th 39
threshold 1.46088489042
tp 3
fn 47
tn 26346
fp 4229
tp/(tp+fn) 0.06
tp/(tp+fp) 0.000708884688091
th 40
threshold 1.50045971687
tp 3
fn 47
tn 26346
fp 4229
tp/(tp+fn) 0.06
tp/(tp+fp) 0.000708884688091
th 41
threshold 1.54003454332
tp 3
fn 47
tn 26346
fp 4229
tp/(tp+fn) 0.06
tp/(tp+fp) 0.000708884688091
th 42
threshold 1.57960936977
tp 3
fn 47
tn 26346
fp 4229
tp/(tp+fn) 0.06
tp/(tp+fp) 0.000708884688091
th 43
threshold 1.61918419622
tp 3
fn 47
tn 26398
fp 4177
tp/(tp+fn) 0.06
tp/(tp+fp) 0.000717703349282
th 44
threshold 1.65875902267
tp 3
fn 47
tn 26534
fp 4041
tp/(tp+fn) 0.06
tp/(tp+fp) 0.000741839762611
th 45
threshold 1.69833384912
tp 3
fn 47
tn 26809
fp 3766
tp/(tp+fn) 0.06
tp/(tp+fp) 0.000795967100027
th 46
threshold 1.73790867557
tp 3
fn 47
tn 26945
fp 3630
tp/(tp+fn) 0.06
tp/(tp+fp) 0.000825763831544
th 47
threshold 1.77748350202
tp 2
fn 48
tn 27319
fp 3256
tp/(tp+fn) 0.04
tp/(tp+fp) 0.00061387354205
th 48
threshold 1.81705832847
tp 1
fn 49
tn 27444
fp 3131
tp/(tp+fn) 0.02
tp/(tp+fp) 0.000319284802043
th 49
threshold 1.85663315492
tp 1
fn 49
tn 27665
fp 2910
tp/(tp+fn) 0.02
tp/(tp+fp) 0.000343524562006
th 50
threshold 1.89620798137
tp 1
fn 49
tn 27767
fp 2808
tp/(tp+fn) 0.02
tp/(tp+fp) 0.000355998576006
th 51
threshold 1.93578280782
tp 1
fn 49
tn 27868
fp 2707
tp/(tp+fn) 0.02
tp/(tp+fp) 0.000369276218612
th 52
threshold 1.97535763427
tp 1
fn 49
tn 27868
fp 2707
tp/(tp+fn) 0.02
tp/(tp+fp) 0.000369276218612
th 53
threshold 2.01493246072
tp 1
fn 49
tn 27868
fp 2707
tp/(tp+fn) 0.02
tp/(tp+fp) 0.000369276218612
th 54
threshold 2.05450728717
tp 1
fn 49
tn 27868
fp 2707
tp/(tp+fn) 0.02
tp/(tp+fp) 0.000369276218612
th 55
threshold 2.09408211362
tp 1
fn 49
tn 27868
fp 2707
tp/(tp+fn) 0.02
tp/(tp+fp) 0.000369276218612
th 56
threshold 2.13365694007
tp 1
fn 49
tn 27868
fp 2707
tp/(tp+fn) 0.02
tp/(tp+fp) 0.000369276218612
th 57
threshold 2.17323176652
tp 1
fn 49
tn 27982
fp 2593
tp/(tp+fn) 0.02
tp/(tp+fp) 0.000385505011565
th 58
threshold 2.21280659297
tp 1
fn 49
tn 28138
fp 2437
tp/(tp+fn) 0.02
tp/(tp+fp) 0.000410172272354
th 59
threshold 2.25238141942
tp 1
fn 49
tn 28290
fp 2285
tp/(tp+fn) 0.02
tp/(tp+fp) 0.000437445319335
th 60
threshold 2.29195624587
tp 1
fn 49
tn 28290
fp 2285
tp/(tp+fn) 0.02
tp/(tp+fp) 0.000437445319335
th 61
threshold 2.33153107232
tp 1
fn 49
tn 28609
fp 1966
tp/(tp+fn) 0.02
tp/(tp+fp) 0.000508388408744
th 62
threshold 2.37110589876
tp 1
fn 49
tn 28690
fp 1885
tp/(tp+fn) 0.02
tp/(tp+fp) 0.000530222693531
th 63
threshold 2.41068072521
tp 1
fn 49
tn 28723
fp 1852
tp/(tp+fn) 0.02
tp/(tp+fp) 0.000539665407447
th 64
threshold 2.45025555166
tp 1
fn 49
tn 28839
fp 1736
tp/(tp+fn) 0.02
tp/(tp+fp) 0.000575705238918
th 65
threshold 2.48983037811
tp 1
fn 49
tn 28907
fp 1668
tp/(tp+fn) 0.02
tp/(tp+fp) 0.000599161174356
th 66
threshold 2.52940520456
tp 1
fn 49
tn 28978
fp 1597
tp/(tp+fn) 0.02
tp/(tp+fp) 0.000625782227785
th 67
threshold 2.56898003101
tp 1
fn 49
tn 28978
fp 1597
tp/(tp+fn) 0.02
tp/(tp+fp) 0.000625782227785
th 68
threshold 2.60855485746
tp 1
fn 49
tn 28978
fp 1597
tp/(tp+fn) 0.02
tp/(tp+fp) 0.000625782227785
th 69
threshold 2.64812968391
tp 1
fn 49
tn 28978
fp 1597
tp/(tp+fn) 0.02
tp/(tp+fp) 0.000625782227785
th 70
threshold 2.68770451036
tp 1
fn 49
tn 28978
fp 1597
tp/(tp+fn) 0.02
tp/(tp+fp) 0.000625782227785
th 71
threshold 2.72727933681
tp 1
fn 49
tn 28978
fp 1597
tp/(tp+fn) 0.02
tp/(tp+fp) 0.000625782227785
th 72
threshold 2.76685416326
tp 1
fn 49
tn 29051
fp 1524
tp/(tp+fn) 0.02
tp/(tp+fp) 0.000655737704918
th 73
threshold 2.80642898971
tp 1
fn 49
tn 29081
fp 1494
tp/(tp+fn) 0.02
tp/(tp+fp) 0.00066889632107
th 74
threshold 2.84600381616
tp 1
fn 49
tn 29156
fp 1419
tp/(tp+fn) 0.02
tp/(tp+fp) 0.000704225352113
th 75
threshold 2.88557864261
tp 1
fn 49
tn 29233
fp 1342
tp/(tp+fn) 0.02
tp/(tp+fp) 0.000744601638124
th 76
threshold 2.92515346906
tp 1
fn 49
tn 29341
fp 1234
tp/(tp+fn) 0.02
tp/(tp+fp) 0.00080971659919
th 77
threshold 2.96472829551
tp 1
fn 49
tn 29401
fp 1174
tp/(tp+fn) 0.02
tp/(tp+fp) 0.000851063829787
th 78
threshold 3.00430312196
tp 1
fn 49
tn 29453
fp 1122
tp/(tp+fn) 0.02
tp/(tp+fp) 0.000890471950134
th 79
threshold 3.04387794841
tp 1
fn 49
tn 29482
fp 1093
tp/(tp+fn) 0.02
tp/(tp+fp) 0.00091407678245
th 80
threshold 3.08345277486
tp 1
fn 49
tn 29557
fp 1018
tp/(tp+fn) 0.02
tp/(tp+fp) 0.000981354268891
th 81
threshold 3.12302760131
tp 1
fn 49
tn 29603
fp 972
tp/(tp+fn) 0.02
tp/(tp+fp) 0.00102774922919
th 82
threshold 3.16260242776
tp 1
fn 49
tn 29603
fp 972
tp/(tp+fn) 0.02
tp/(tp+fp) 0.00102774922919
th 83
threshold 3.20217725421
tp 1
fn 49
tn 29651
fp 924
tp/(tp+fn) 0.02
tp/(tp+fp) 0.00108108108108
th 84
threshold 3.24175208066
tp 1
fn 49
tn 29651
fp 924
tp/(tp+fn) 0.02
tp/(tp+fp) 0.00108108108108
th 85
threshold 3.28132690711
tp 1
fn 49
tn 29651
fp 924
tp/(tp+fn) 0.02
tp/(tp+fp) 0.00108108108108
th 86
threshold 3.32090173356
tp 1
fn 49
tn 29651
fp 924
tp/(tp+fn) 0.02
tp/(tp+fp) 0.00108108108108
th 87
threshold 3.36047656001
tp 1
fn 49
tn 29651
fp 924
tp/(tp+fn) 0.02
tp/(tp+fp) 0.00108108108108
th 88
threshold 3.40005138646
tp 1
fn 49
tn 29651
fp 924
tp/(tp+fn) 0.02
tp/(tp+fp) 0.00108108108108
th 89
threshold 3.43962621291
tp 1
fn 49
tn 29706
fp 869
tp/(tp+fn) 0.02
tp/(tp+fp) 0.00114942528736
th 90
threshold 3.47920103936
tp 1
fn 49
tn 29740
fp 835
tp/(tp+fn) 0.02
tp/(tp+fp) 0.0011961722488
th 91
threshold 3.51877586581
tp 1
fn 49
tn 29761
fp 814
tp/(tp+fn) 0.02
tp/(tp+fp) 0.00122699386503
th 92
threshold 3.55835069226
tp 1
fn 49
tn 29815
fp 760
tp/(tp+fn) 0.02
tp/(tp+fp) 0.00131406044678
th 93
threshold 3.59792551871
tp 1
fn 49
tn 29853
fp 722
tp/(tp+fn) 0.02
tp/(tp+fp) 0.00138312586445
th 94
threshold 3.63750034516
tp 1
fn 49
tn 29914
fp 661
tp/(tp+fn) 0.02
tp/(tp+fp) 0.00151057401813
th 95
threshold 3.67707517161
tp 1
fn 49
tn 29959
fp 616
tp/(tp+fn) 0.02
tp/(tp+fp) 0.00162074554295
th 96
threshold 3.71664999806
tp 1
fn 49
tn 29975
fp 600
tp/(tp+fn) 0.02
tp/(tp+fp) 0.00166389351082
th 97
threshold 3.75622482451
tp 1
fn 49
tn 30030
fp 545
tp/(tp+fn) 0.02
tp/(tp+fp) 0.0018315018315
th 98
threshold 3.79579965096
tp 0
fn 50
tn 30046
fp 529
th 99
threshold 3.83537447741
tp 0
fn 50
tn 30070
fp 505
recall [1.0, 1.0, 1.0, 0.72, 0.72, 0.6, 0.54, 0.54, 0.54, 0.4, 0.34, 0.34, 0.34, 0.34, 0.32, 0.3, 0.28, 0.26, 0.24, 0.24, 0.24, 0.24, 0.22, 0.18, 0.16, 0.14, 0.14, 0.12, 0.12, 0.12, 0.12, 0.12, 0.12, 0.12, 0.12, 0.12, 0.08, 0.08, 0.06, 0.06, 0.06, 0.06, 0.06, 0.06, 0.06, 0.06, 0.06, 0.04, 0.02, 0.02, 0.02, 0.02, 0.02, 0.02, 0.02, 0.02, 0.02, 0.02, 0.02, 0.02, 0.02, 0.02, 0.02, 0.02, 0.02, 0.02, 0.02, 0.02, 0.02, 0.02, 0.02, 0.02, 0.02, 0.02, 0.02, 0.02, 0.02, 0.02, 0.02, 0.02, 0.02, 0.02, 0.02, 0.02, 0.02, 0.02, 0.02, 0.02, 0.02, 0.02, 0.02, 0.02, 0.02, 0.02, 0.02, 0.02, 0.02, 0.02, 0, 0]
precision [0.0016326530612244899, 0.0016326530612244899, 0.0016326530612244899, 0.0015495867768595042, 0.0015495867768595042, 0.0015342129487572874, 0.0015306990192187765, 0.0015306990192187765, 0.001559071486314817, 0.0013216150135465538, 0.0012670492658567489, 0.0013006885998469778, 0.0013006885998469778, 0.0013006885998469778, 0.0012647221563512766, 0.0012764871074802144, 0.0013357504054956589, 0.001349527665317139, 0.0012819143253925862, 0.0012819143253925862, 0.0012819143253925862, 0.0012819143253925862, 0.0012161415146489773, 0.0010702818408847663, 0.0010629816635663034, 0.000972087210109707, 0.0010521569216894633, 0.0009292240978782717, 0.000933852140077821, 0.000933852140077821, 0.000933852140077821, 0.0009453285016543249, 0.0009724473257698541, 0.001054666901037089, 0.0011263375258119017, 0.0012101653892698668, 0.000843348091924942, 0.000911369332421964, 0.0007088846880907373, 0.0007088846880907373, 0.0007088846880907373, 0.0007088846880907373, 0.0007088846880907373, 0.0007177033492822966, 0.000741839762611276, 0.0007959671000265323, 0.0008257638315441783, 0.0006138735420503376, 0.00031928480204342275, 0.00034352456200618345, 0.000355998576005696, 0.00036927621861152144, 0.00036927621861152144, 0.00036927621861152144, 0.00036927621861152144, 0.00036927621861152144, 0.00036927621861152144, 0.00038550501156515033, 0.00041017227235438887, 0.0004374453193350831, 0.0004374453193350831, 0.0005083884087442806, 0.0005302226935312832, 0.0005396654074473826, 0.0005757052389176742, 0.0005991611743559018, 0.0006257822277847309, 0.0006257822277847309, 0.0006257822277847309, 0.0006257822277847309, 0.0006257822277847309, 0.0006257822277847309, 0.0006557377049180328, 0.0006688963210702341, 0.0007042253521126761, 0.0007446016381236039, 0.0008097165991902834, 0.000851063829787234, 0.0008904719501335708, 0.0009140767824497258, 0.0009813542688910696, 0.0010277492291880781, 0.0010277492291880781, 0.001081081081081081, 0.001081081081081081, 0.001081081081081081, 0.001081081081081081, 0.001081081081081081, 0.001081081081081081, 0.0011494252873563218, 0.0011961722488038277, 0.001226993865030675, 0.001314060446780552, 0.0013831258644536654, 0.0015105740181268882, 0.0016207455429497568, 0.0016638935108153079, 0.0018315018315018315, 0, 0]
0
total= 0.00136367462403
c = prarea_simulationout-poisson_ss_len50sig15vari1.5noise8.0.out
out simulationout-proposedmcmcp_exclusive_len50sig15vari1.5noise8.0_num2500
pout pos_simulationout-proposedmcmcp_exclusive_len50sig15vari1.5noise8.0_num2500.out
nout neg_simulationout-proposedmcmcp_exclusive_len50sig15vari1.5noise8.0_num2500.out
pos 0.001 0.001 0.001 0.001 0.001 0.001 0.001 0.001 0.001 0.001 0.001 0.001 0.001 0.001 0.001 0.001 0.001 0.001 0.001 0.001 0.001 0.001 0.001 0.001 0.001 0.001 0.001 0.001 0.001 0.001 0.001 0.001 0.001 0.001 0.001 0.001 0.001 0.001 0.001 0.001 0.001 0.001 0.001 0.001 0.001 0.001 0.001 0.001 0.001 0.001 
mi -0.099
ma 0.101
th 0
threshold -0.099
tp 50
fn 0
tn 0
fp 30575
tp/(tp+fn) 1.0
tp/(tp+fp) 0.00163265306122
th 1
threshold -0.097
tp 50
fn 0
tn 0
fp 30575
tp/(tp+fn) 1.0
tp/(tp+fp) 0.00163265306122
th 2
threshold -0.095
tp 50
fn 0
tn 0
fp 30575
tp/(tp+fn) 1.0
tp/(tp+fp) 0.00163265306122
th 3
threshold -0.093
tp 50
fn 0
tn 0
fp 30575
tp/(tp+fn) 1.0
tp/(tp+fp) 0.00163265306122
th 4
threshold -0.091
tp 50
fn 0
tn 0
fp 30575
tp/(tp+fn) 1.0
tp/(tp+fp) 0.00163265306122
th 5
threshold -0.089
tp 50
fn 0
tn 0
fp 30575
tp/(tp+fn) 1.0
tp/(tp+fp) 0.00163265306122
th 6
threshold -0.087
tp 50
fn 0
tn 0
fp 30575
tp/(tp+fn) 1.0
tp/(tp+fp) 0.00163265306122
th 7
threshold -0.085
tp 50
fn 0
tn 0
fp 30575
tp/(tp+fn) 1.0
tp/(tp+fp) 0.00163265306122
th 8
threshold -0.083
tp 50
fn 0
tn 0
fp 30575
tp/(tp+fn) 1.0
tp/(tp+fp) 0.00163265306122
th 9
threshold -0.081
tp 50
fn 0
tn 0
fp 30575
tp/(tp+fn) 1.0
tp/(tp+fp) 0.00163265306122
th 10
threshold -0.079
tp 50
fn 0
tn 0
fp 30575
tp/(tp+fn) 1.0
tp/(tp+fp) 0.00163265306122
th 11
threshold -0.077
tp 50
fn 0
tn 0
fp 30575
tp/(tp+fn) 1.0
tp/(tp+fp) 0.00163265306122
th 12
threshold -0.075
tp 50
fn 0
tn 0
fp 30575
tp/(tp+fn) 1.0
tp/(tp+fp) 0.00163265306122
th 13
threshold -0.073
tp 50
fn 0
tn 0
fp 30575
tp/(tp+fn) 1.0
tp/(tp+fp) 0.00163265306122
th 14
threshold -0.071
tp 50
fn 0
tn 0
fp 30575
tp/(tp+fn) 1.0
tp/(tp+fp) 0.00163265306122
th 15
threshold -0.069
tp 50
fn 0
tn 0
fp 30575
tp/(tp+fn) 1.0
tp/(tp+fp) 0.00163265306122
th 16
threshold -0.067
tp 50
fn 0
tn 0
fp 30575
tp/(tp+fn) 1.0
tp/(tp+fp) 0.00163265306122
th 17
threshold -0.065
tp 50
fn 0
tn 0
fp 30575
tp/(tp+fn) 1.0
tp/(tp+fp) 0.00163265306122
th 18
threshold -0.063
tp 50
fn 0
tn 0
fp 30575
tp/(tp+fn) 1.0
tp/(tp+fp) 0.00163265306122
th 19
threshold -0.061
tp 50
fn 0
tn 0
fp 30575
tp/(tp+fn) 1.0
tp/(tp+fp) 0.00163265306122
th 20
threshold -0.059
tp 50
fn 0
tn 0
fp 30575
tp/(tp+fn) 1.0
tp/(tp+fp) 0.00163265306122
th 21
threshold -0.057
tp 50
fn 0
tn 0
fp 30575
tp/(tp+fn) 1.0
tp/(tp+fp) 0.00163265306122
th 22
threshold -0.055
tp 50
fn 0
tn 0
fp 30575
tp/(tp+fn) 1.0
tp/(tp+fp) 0.00163265306122
th 23
threshold -0.053
tp 50
fn 0
tn 0
fp 30575
tp/(tp+fn) 1.0
tp/(tp+fp) 0.00163265306122
th 24
threshold -0.051
tp 50
fn 0
tn 0
fp 30575
tp/(tp+fn) 1.0
tp/(tp+fp) 0.00163265306122
th 25
threshold -0.049
tp 50
fn 0
tn 0
fp 30575
tp/(tp+fn) 1.0
tp/(tp+fp) 0.00163265306122
th 26
threshold -0.047
tp 50
fn 0
tn 0
fp 30575
tp/(tp+fn) 1.0
tp/(tp+fp) 0.00163265306122
th 27
threshold -0.045
tp 50
fn 0
tn 0
fp 30575
tp/(tp+fn) 1.0
tp/(tp+fp) 0.00163265306122
th 28
threshold -0.043
tp 50
fn 0
tn 0
fp 30575
tp/(tp+fn) 1.0
tp/(tp+fp) 0.00163265306122
th 29
threshold -0.041
tp 50
fn 0
tn 0
fp 30575
tp/(tp+fn) 1.0
tp/(tp+fp) 0.00163265306122
th 30
threshold -0.039
tp 50
fn 0
tn 0
fp 30575
tp/(tp+fn) 1.0
tp/(tp+fp) 0.00163265306122
th 31
threshold -0.037
tp 50
fn 0
tn 0
fp 30575
tp/(tp+fn) 1.0
tp/(tp+fp) 0.00163265306122
th 32
threshold -0.035
tp 50
fn 0
tn 0
fp 30575
tp/(tp+fn) 1.0
tp/(tp+fp) 0.00163265306122
th 33
threshold -0.033
tp 50
fn 0
tn 0
fp 30575
tp/(tp+fn) 1.0
tp/(tp+fp) 0.00163265306122
th 34
threshold -0.031
tp 50
fn 0
tn 0
fp 30575
tp/(tp+fn) 1.0
tp/(tp+fp) 0.00163265306122
th 35
threshold -0.029
tp 50
fn 0
tn 0
fp 30575
tp/(tp+fn) 1.0
tp/(tp+fp) 0.00163265306122
th 36
threshold -0.027
tp 50
fn 0
tn 0
fp 30575
tp/(tp+fn) 1.0
tp/(tp+fp) 0.00163265306122
th 37
threshold -0.025
tp 50
fn 0
tn 0
fp 30575
tp/(tp+fn) 1.0
tp/(tp+fp) 0.00163265306122
th 38
threshold -0.023
tp 50
fn 0
tn 0
fp 30575
tp/(tp+fn) 1.0
tp/(tp+fp) 0.00163265306122
th 39
threshold -0.021
tp 50
fn 0
tn 0
fp 30575
tp/(tp+fn) 1.0
tp/(tp+fp) 0.00163265306122
th 40
threshold -0.019
tp 50
fn 0
tn 0
fp 30575
tp/(tp+fn) 1.0
tp/(tp+fp) 0.00163265306122
th 41
threshold -0.017
tp 50
fn 0
tn 0
fp 30575
tp/(tp+fn) 1.0
tp/(tp+fp) 0.00163265306122
th 42
threshold -0.015
tp 50
fn 0
tn 0
fp 30575
tp/(tp+fn) 1.0
tp/(tp+fp) 0.00163265306122
th 43
threshold -0.013
tp 50
fn 0
tn 0
fp 30575
tp/(tp+fn) 1.0
tp/(tp+fp) 0.00163265306122
th 44
threshold -0.011
tp 50
fn 0
tn 0
fp 30575
tp/(tp+fn) 1.0
tp/(tp+fp) 0.00163265306122
th 45
threshold -0.009
tp 50
fn 0
tn 0
fp 30575
tp/(tp+fn) 1.0
tp/(tp+fp) 0.00163265306122
th 46
threshold -0.007
tp 50
fn 0
tn 0
fp 30575
tp/(tp+fn) 1.0
tp/(tp+fp) 0.00163265306122
th 47
threshold -0.005
tp 50
fn 0
tn 0
fp 30575
tp/(tp+fn) 1.0
tp/(tp+fp) 0.00163265306122
th 48
threshold -0.003
tp 50
fn 0
tn 0
fp 30575
tp/(tp+fn) 1.0
tp/(tp+fp) 0.00163265306122
th 49
threshold -0.001
tp 50
fn 0
tn 0
fp 30575
tp/(tp+fn) 1.0
tp/(tp+fp) 0.00163265306122
th 50
threshold 0.001
tp 0
fn 50
tn 30575
fp 0
th 51
threshold 0.003
tp 0
fn 50
tn 30575
fp 0
th 52
threshold 0.005
tp 0
fn 50
tn 30575
fp 0
th 53
threshold 0.007
tp 0
fn 50
tn 30575
fp 0
th 54
threshold 0.009
tp 0
fn 50
tn 30575
fp 0
th 55
threshold 0.011
tp 0
fn 50
tn 30575
fp 0
th 56
threshold 0.013
tp 0
fn 50
tn 30575
fp 0
th 57
threshold 0.015
tp 0
fn 50
tn 30575
fp 0
th 58
threshold 0.017
tp 0
fn 50
tn 30575
fp 0
th 59
threshold 0.019
tp 0
fn 50
tn 30575
fp 0
th 60
threshold 0.021
tp 0
fn 50
tn 30575
fp 0
th 61
threshold 0.023
tp 0
fn 50
tn 30575
fp 0
th 62
threshold 0.025
tp 0
fn 50
tn 30575
fp 0
th 63
threshold 0.027
tp 0
fn 50
tn 30575
fp 0
th 64
threshold 0.029
tp 0
fn 50
tn 30575
fp 0
th 65
threshold 0.031
tp 0
fn 50
tn 30575
fp 0
th 66
threshold 0.033
tp 0
fn 50
tn 30575
fp 0
th 67
threshold 0.035
tp 0
fn 50
tn 30575
fp 0
th 68
threshold 0.037
tp 0
fn 50
tn 30575
fp 0
th 69
threshold 0.039
tp 0
fn 50
tn 30575
fp 0
th 70
threshold 0.041
tp 0
fn 50
tn 30575
fp 0
th 71
threshold 0.043
tp 0
fn 50
tn 30575
fp 0
th 72
threshold 0.045
tp 0
fn 50
tn 30575
fp 0
th 73
threshold 0.047
tp 0
fn 50
tn 30575
fp 0
th 74
threshold 0.049
tp 0
fn 50
tn 30575
fp 0
th 75
threshold 0.051
tp 0
fn 50
tn 30575
fp 0
th 76
threshold 0.053
tp 0
fn 50
tn 30575
fp 0
th 77
threshold 0.055
tp 0
fn 50
tn 30575
fp 0
th 78
threshold 0.057
tp 0
fn 50
tn 30575
fp 0
th 79
threshold 0.059
tp 0
fn 50
tn 30575
fp 0
th 80
threshold 0.061
tp 0
fn 50
tn 30575
fp 0
th 81
threshold 0.063
tp 0
fn 50
tn 30575
fp 0
th 82
threshold 0.065
tp 0
fn 50
tn 30575
fp 0
th 83
threshold 0.067
tp 0
fn 50
tn 30575
fp 0
th 84
threshold 0.069
tp 0
fn 50
tn 30575
fp 0
th 85
threshold 0.071
tp 0
fn 50
tn 30575
fp 0
th 86
threshold 0.073
tp 0
fn 50
tn 30575
fp 0
th 87
threshold 0.075
tp 0
fn 50
tn 30575
fp 0
th 88
threshold 0.077
tp 0
fn 50
tn 30575
fp 0
th 89
threshold 0.079
tp 0
fn 50
tn 30575
fp 0
th 90
threshold 0.081
tp 0
fn 50
tn 30575
fp 0
th 91
threshold 0.083
tp 0
fn 50
tn 30575
fp 0
th 92
threshold 0.085
tp 0
fn 50
tn 30575
fp 0
th 93
threshold 0.087
tp 0
fn 50
tn 30575
fp 0
th 94
threshold 0.089
tp 0
fn 50
tn 30575
fp 0
th 95
threshold 0.091
tp 0
fn 50
tn 30575
fp 0
th 96
threshold 0.093
tp 0
fn 50
tn 30575
fp 0
th 97
threshold 0.095
tp 0
fn 50
tn 30575
fp 0
th 98
threshold 0.097
tp 0
fn 50
tn 30575
fp 0
th 99
threshold 0.099
tp 0
fn 50
tn 30575
fp 0
recall [1.0, 1.0, 1.0, 1.0, 1.0, 1.0, 1.0, 1.0, 1.0, 1.0, 1.0, 1.0, 1.0, 1.0, 1.0, 1.0, 1.0, 1.0, 1.0, 1.0, 1.0, 1.0, 1.0, 1.0, 1.0, 1.0, 1.0, 1.0, 1.0, 1.0, 1.0, 1.0, 1.0, 1.0, 1.0, 1.0, 1.0, 1.0, 1.0, 1.0, 1.0, 1.0, 1.0, 1.0, 1.0, 1.0, 1.0, 1.0, 1.0, 1.0, 0, 0, 0, 0, 0, 0, 0, 0, 0, 0, 0, 0, 0, 0, 0, 0, 0, 0, 0, 0, 0, 0, 0, 0, 0, 0, 0, 0, 0, 0, 0, 0, 0, 0, 0, 0, 0, 0, 0, 0, 0, 0, 0, 0, 0, 0, 0, 0, 0, 0]
precision [0.0016326530612244899, 0.0016326530612244899, 0.0016326530612244899, 0.0016326530612244899, 0.0016326530612244899, 0.0016326530612244899, 0.0016326530612244899, 0.0016326530612244899, 0.0016326530612244899, 0.0016326530612244899, 0.0016326530612244899, 0.0016326530612244899, 0.0016326530612244899, 0.0016326530612244899, 0.0016326530612244899, 0.0016326530612244899, 0.0016326530612244899, 0.0016326530612244899, 0.0016326530612244899, 0.0016326530612244899, 0.0016326530612244899, 0.0016326530612244899, 0.0016326530612244899, 0.0016326530612244899, 0.0016326530612244899, 0.0016326530612244899, 0.0016326530612244899, 0.0016326530612244899, 0.0016326530612244899, 0.0016326530612244899, 0.0016326530612244899, 0.0016326530612244899, 0.0016326530612244899, 0.0016326530612244899, 0.0016326530612244899, 0.0016326530612244899, 0.0016326530612244899, 0.0016326530612244899, 0.0016326530612244899, 0.0016326530612244899, 0.0016326530612244899, 0.0016326530612244899, 0.0016326530612244899, 0.0016326530612244899, 0.0016326530612244899, 0.0016326530612244899, 0.0016326530612244899, 0.0016326530612244899, 0.0016326530612244899, 0.0016326530612244899, 0, 0, 0, 0, 0, 0, 0, 0, 0, 0, 0, 0, 0, 0, 0, 0, 0, 0, 0, 0, 0, 0, 0, 0, 0, 0, 0, 0, 0, 0, 0, 0, 0, 0, 0, 0, 0, 0, 0, 0, 0, 0, 0, 0, 0, 0, 0, 0, 0, 0]
0
total= 0.000816326530612
c = prarea_simulationout-proposedmcmcp_exclusive_len50sig15vari1.5noise8.0_num2500.out
out simulationout-proposedmcmcn_exclusive_len50sig15vari1.5noise8.0_num2500
pout pos_simulationout-proposedmcmcn_exclusive_len50sig15vari1.5noise8.0_num2500.out
nout neg_simulationout-proposedmcmcn_exclusive_len50sig15vari1.5noise8.0_num2500.out
pos 0.001 0.001 0.001 0.001 0.001 0.001 0.001 0.001 0.001 0.001 0.001 0.001 0.001 0.001 0.001 0.001 0.001 0.001 0.001 0.001 0.001 0.001 0.001 0.001 0.001 0.001 0.001 0.001 0.001 0.001 0.001 0.001 0.001 0.001 0.001 0.001 0.001 0.001 0.001 0.001 0.001 0.001 0.001 0.001 0.001 0.001 0.001 0.001 0.001 0.001 
mi -0.099
ma 0.101
th 0
threshold -0.099
tp 50
fn 0
tn 0
fp 30575
tp/(tp+fn) 1.0
tp/(tp+fp) 0.00163265306122
th 1
threshold -0.097
tp 50
fn 0
tn 0
fp 30575
tp/(tp+fn) 1.0
tp/(tp+fp) 0.00163265306122
th 2
threshold -0.095
tp 50
fn 0
tn 0
fp 30575
tp/(tp+fn) 1.0
tp/(tp+fp) 0.00163265306122
th 3
threshold -0.093
tp 50
fn 0
tn 0
fp 30575
tp/(tp+fn) 1.0
tp/(tp+fp) 0.00163265306122
th 4
threshold -0.091
tp 50
fn 0
tn 0
fp 30575
tp/(tp+fn) 1.0
tp/(tp+fp) 0.00163265306122
th 5
threshold -0.089
tp 50
fn 0
tn 0
fp 30575
tp/(tp+fn) 1.0
tp/(tp+fp) 0.00163265306122
th 6
threshold -0.087
tp 50
fn 0
tn 0
fp 30575
tp/(tp+fn) 1.0
tp/(tp+fp) 0.00163265306122
th 7
threshold -0.085
tp 50
fn 0
tn 0
fp 30575
tp/(tp+fn) 1.0
tp/(tp+fp) 0.00163265306122
th 8
threshold -0.083
tp 50
fn 0
tn 0
fp 30575
tp/(tp+fn) 1.0
tp/(tp+fp) 0.00163265306122
th 9
threshold -0.081
tp 50
fn 0
tn 0
fp 30575
tp/(tp+fn) 1.0
tp/(tp+fp) 0.00163265306122
th 10
threshold -0.079
tp 50
fn 0
tn 0
fp 30575
tp/(tp+fn) 1.0
tp/(tp+fp) 0.00163265306122
th 11
threshold -0.077
tp 50
fn 0
tn 0
fp 30575
tp/(tp+fn) 1.0
tp/(tp+fp) 0.00163265306122
th 12
threshold -0.075
tp 50
fn 0
tn 0
fp 30575
tp/(tp+fn) 1.0
tp/(tp+fp) 0.00163265306122
th 13
threshold -0.073
tp 50
fn 0
tn 0
fp 30575
tp/(tp+fn) 1.0
tp/(tp+fp) 0.00163265306122
th 14
threshold -0.071
tp 50
fn 0
tn 0
fp 30575
tp/(tp+fn) 1.0
tp/(tp+fp) 0.00163265306122
th 15
threshold -0.069
tp 50
fn 0
tn 0
fp 30575
tp/(tp+fn) 1.0
tp/(tp+fp) 0.00163265306122
th 16
threshold -0.067
tp 50
fn 0
tn 0
fp 30575
tp/(tp+fn) 1.0
tp/(tp+fp) 0.00163265306122
th 17
threshold -0.065
tp 50
fn 0
tn 0
fp 30575
tp/(tp+fn) 1.0
tp/(tp+fp) 0.00163265306122
th 18
threshold -0.063
tp 50
fn 0
tn 0
fp 30575
tp/(tp+fn) 1.0
tp/(tp+fp) 0.00163265306122
th 19
threshold -0.061
tp 50
fn 0
tn 0
fp 30575
tp/(tp+fn) 1.0
tp/(tp+fp) 0.00163265306122
th 20
threshold -0.059
tp 50
fn 0
tn 0
fp 30575
tp/(tp+fn) 1.0
tp/(tp+fp) 0.00163265306122
th 21
threshold -0.057
tp 50
fn 0
tn 0
fp 30575
tp/(tp+fn) 1.0
tp/(tp+fp) 0.00163265306122
th 22
threshold -0.055
tp 50
fn 0
tn 0
fp 30575
tp/(tp+fn) 1.0
tp/(tp+fp) 0.00163265306122
th 23
threshold -0.053
tp 50
fn 0
tn 0
fp 30575
tp/(tp+fn) 1.0
tp/(tp+fp) 0.00163265306122
th 24
threshold -0.051
tp 50
fn 0
tn 0
fp 30575
tp/(tp+fn) 1.0
tp/(tp+fp) 0.00163265306122
th 25
threshold -0.049
tp 50
fn 0
tn 0
fp 30575
tp/(tp+fn) 1.0
tp/(tp+fp) 0.00163265306122
th 26
threshold -0.047
tp 50
fn 0
tn 0
fp 30575
tp/(tp+fn) 1.0
tp/(tp+fp) 0.00163265306122
th 27
threshold -0.045
tp 50
fn 0
tn 0
fp 30575
tp/(tp+fn) 1.0
tp/(tp+fp) 0.00163265306122
th 28
threshold -0.043
tp 50
fn 0
tn 0
fp 30575
tp/(tp+fn) 1.0
tp/(tp+fp) 0.00163265306122
th 29
threshold -0.041
tp 50
fn 0
tn 0
fp 30575
tp/(tp+fn) 1.0
tp/(tp+fp) 0.00163265306122
th 30
threshold -0.039
tp 50
fn 0
tn 0
fp 30575
tp/(tp+fn) 1.0
tp/(tp+fp) 0.00163265306122
th 31
threshold -0.037
tp 50
fn 0
tn 0
fp 30575
tp/(tp+fn) 1.0
tp/(tp+fp) 0.00163265306122
th 32
threshold -0.035
tp 50
fn 0
tn 0
fp 30575
tp/(tp+fn) 1.0
tp/(tp+fp) 0.00163265306122
th 33
threshold -0.033
tp 50
fn 0
tn 0
fp 30575
tp/(tp+fn) 1.0
tp/(tp+fp) 0.00163265306122
th 34
threshold -0.031
tp 50
fn 0
tn 0
fp 30575
tp/(tp+fn) 1.0
tp/(tp+fp) 0.00163265306122
th 35
threshold -0.029
tp 50
fn 0
tn 0
fp 30575
tp/(tp+fn) 1.0
tp/(tp+fp) 0.00163265306122
th 36
threshold -0.027
tp 50
fn 0
tn 0
fp 30575
tp/(tp+fn) 1.0
tp/(tp+fp) 0.00163265306122
th 37
threshold -0.025
tp 50
fn 0
tn 0
fp 30575
tp/(tp+fn) 1.0
tp/(tp+fp) 0.00163265306122
th 38
threshold -0.023
tp 50
fn 0
tn 0
fp 30575
tp/(tp+fn) 1.0
tp/(tp+fp) 0.00163265306122
th 39
threshold -0.021
tp 50
fn 0
tn 0
fp 30575
tp/(tp+fn) 1.0
tp/(tp+fp) 0.00163265306122
th 40
threshold -0.019
tp 50
fn 0
tn 0
fp 30575
tp/(tp+fn) 1.0
tp/(tp+fp) 0.00163265306122
th 41
threshold -0.017
tp 50
fn 0
tn 0
fp 30575
tp/(tp+fn) 1.0
tp/(tp+fp) 0.00163265306122
th 42
threshold -0.015
tp 50
fn 0
tn 0
fp 30575
tp/(tp+fn) 1.0
tp/(tp+fp) 0.00163265306122
th 43
threshold -0.013
tp 50
fn 0
tn 0
fp 30575
tp/(tp+fn) 1.0
tp/(tp+fp) 0.00163265306122
th 44
threshold -0.011
tp 50
fn 0
tn 0
fp 30575
tp/(tp+fn) 1.0
tp/(tp+fp) 0.00163265306122
th 45
threshold -0.009
tp 50
fn 0
tn 0
fp 30575
tp/(tp+fn) 1.0
tp/(tp+fp) 0.00163265306122
th 46
threshold -0.007
tp 50
fn 0
tn 0
fp 30575
tp/(tp+fn) 1.0
tp/(tp+fp) 0.00163265306122
th 47
threshold -0.005
tp 50
fn 0
tn 0
fp 30575
tp/(tp+fn) 1.0
tp/(tp+fp) 0.00163265306122
th 48
threshold -0.003
tp 50
fn 0
tn 0
fp 30575
tp/(tp+fn) 1.0
tp/(tp+fp) 0.00163265306122
th 49
threshold -0.001
tp 50
fn 0
tn 0
fp 30575
tp/(tp+fn) 1.0
tp/(tp+fp) 0.00163265306122
th 50
threshold 0.001
tp 0
fn 50
tn 30575
fp 0
th 51
threshold 0.003
tp 0
fn 50
tn 30575
fp 0
th 52
threshold 0.005
tp 0
fn 50
tn 30575
fp 0
th 53
threshold 0.007
tp 0
fn 50
tn 30575
fp 0
th 54
threshold 0.009
tp 0
fn 50
tn 30575
fp 0
th 55
threshold 0.011
tp 0
fn 50
tn 30575
fp 0
th 56
threshold 0.013
tp 0
fn 50
tn 30575
fp 0
th 57
threshold 0.015
tp 0
fn 50
tn 30575
fp 0
th 58
threshold 0.017
tp 0
fn 50
tn 30575
fp 0
th 59
threshold 0.019
tp 0
fn 50
tn 30575
fp 0
th 60
threshold 0.021
tp 0
fn 50
tn 30575
fp 0
th 61
threshold 0.023
tp 0
fn 50
tn 30575
fp 0
th 62
threshold 0.025
tp 0
fn 50
tn 30575
fp 0
th 63
threshold 0.027
tp 0
fn 50
tn 30575
fp 0
th 64
threshold 0.029
tp 0
fn 50
tn 30575
fp 0
th 65
threshold 0.031
tp 0
fn 50
tn 30575
fp 0
th 66
threshold 0.033
tp 0
fn 50
tn 30575
fp 0
th 67
threshold 0.035
tp 0
fn 50
tn 30575
fp 0
th 68
threshold 0.037
tp 0
fn 50
tn 30575
fp 0
th 69
threshold 0.039
tp 0
fn 50
tn 30575
fp 0
th 70
threshold 0.041
tp 0
fn 50
tn 30575
fp 0
th 71
threshold 0.043
tp 0
fn 50
tn 30575
fp 0
th 72
threshold 0.045
tp 0
fn 50
tn 30575
fp 0
th 73
threshold 0.047
tp 0
fn 50
tn 30575
fp 0
th 74
threshold 0.049
tp 0
fn 50
tn 30575
fp 0
th 75
threshold 0.051
tp 0
fn 50
tn 30575
fp 0
th 76
threshold 0.053
tp 0
fn 50
tn 30575
fp 0
th 77
threshold 0.055
tp 0
fn 50
tn 30575
fp 0
th 78
threshold 0.057
tp 0
fn 50
tn 30575
fp 0
th 79
threshold 0.059
tp 0
fn 50
tn 30575
fp 0
th 80
threshold 0.061
tp 0
fn 50
tn 30575
fp 0
th 81
threshold 0.063
tp 0
fn 50
tn 30575
fp 0
th 82
threshold 0.065
tp 0
fn 50
tn 30575
fp 0
th 83
threshold 0.067
tp 0
fn 50
tn 30575
fp 0
th 84
threshold 0.069
tp 0
fn 50
tn 30575
fp 0
th 85
threshold 0.071
tp 0
fn 50
tn 30575
fp 0
th 86
threshold 0.073
tp 0
fn 50
tn 30575
fp 0
th 87
threshold 0.075
tp 0
fn 50
tn 30575
fp 0
th 88
threshold 0.077
tp 0
fn 50
tn 30575
fp 0
th 89
threshold 0.079
tp 0
fn 50
tn 30575
fp 0
th 90
threshold 0.081
tp 0
fn 50
tn 30575
fp 0
th 91
threshold 0.083
tp 0
fn 50
tn 30575
fp 0
th 92
threshold 0.085
tp 0
fn 50
tn 30575
fp 0
th 93
threshold 0.087
tp 0
fn 50
tn 30575
fp 0
th 94
threshold 0.089
tp 0
fn 50
tn 30575
fp 0
th 95
threshold 0.091
tp 0
fn 50
tn 30575
fp 0
th 96
threshold 0.093
tp 0
fn 50
tn 30575
fp 0
th 97
threshold 0.095
tp 0
fn 50
tn 30575
fp 0
th 98
threshold 0.097
tp 0
fn 50
tn 30575
fp 0
th 99
threshold 0.099
tp 0
fn 50
tn 30575
fp 0
recall [1.0, 1.0, 1.0, 1.0, 1.0, 1.0, 1.0, 1.0, 1.0, 1.0, 1.0, 1.0, 1.0, 1.0, 1.0, 1.0, 1.0, 1.0, 1.0, 1.0, 1.0, 1.0, 1.0, 1.0, 1.0, 1.0, 1.0, 1.0, 1.0, 1.0, 1.0, 1.0, 1.0, 1.0, 1.0, 1.0, 1.0, 1.0, 1.0, 1.0, 1.0, 1.0, 1.0, 1.0, 1.0, 1.0, 1.0, 1.0, 1.0, 1.0, 0, 0, 0, 0, 0, 0, 0, 0, 0, 0, 0, 0, 0, 0, 0, 0, 0, 0, 0, 0, 0, 0, 0, 0, 0, 0, 0, 0, 0, 0, 0, 0, 0, 0, 0, 0, 0, 0, 0, 0, 0, 0, 0, 0, 0, 0, 0, 0, 0, 0]
precision [0.0016326530612244899, 0.0016326530612244899, 0.0016326530612244899, 0.0016326530612244899, 0.0016326530612244899, 0.0016326530612244899, 0.0016326530612244899, 0.0016326530612244899, 0.0016326530612244899, 0.0016326530612244899, 0.0016326530612244899, 0.0016326530612244899, 0.0016326530612244899, 0.0016326530612244899, 0.0016326530612244899, 0.0016326530612244899, 0.0016326530612244899, 0.0016326530612244899, 0.0016326530612244899, 0.0016326530612244899, 0.0016326530612244899, 0.0016326530612244899, 0.0016326530612244899, 0.0016326530612244899, 0.0016326530612244899, 0.0016326530612244899, 0.0016326530612244899, 0.0016326530612244899, 0.0016326530612244899, 0.0016326530612244899, 0.0016326530612244899, 0.0016326530612244899, 0.0016326530612244899, 0.0016326530612244899, 0.0016326530612244899, 0.0016326530612244899, 0.0016326530612244899, 0.0016326530612244899, 0.0016326530612244899, 0.0016326530612244899, 0.0016326530612244899, 0.0016326530612244899, 0.0016326530612244899, 0.0016326530612244899, 0.0016326530612244899, 0.0016326530612244899, 0.0016326530612244899, 0.0016326530612244899, 0.0016326530612244899, 0.0016326530612244899, 0, 0, 0, 0, 0, 0, 0, 0, 0, 0, 0, 0, 0, 0, 0, 0, 0, 0, 0, 0, 0, 0, 0, 0, 0, 0, 0, 0, 0, 0, 0, 0, 0, 0, 0, 0, 0, 0, 0, 0, 0, 0, 0, 0, 0, 0, 0, 0, 0, 0]
0
total= 0.000816326530612
c = prarea_simulationout-proposedmcmcn_exclusive_len50sig15vari1.5noise8.0_num2500.out
inproposed2 simulationout-proposedmcmcp_exclusive_len50sig15vari1.5noise8.0_num25000 p_proposed2 pos_simulationout-proposedmcmcp_exclusive_len50sig15vari1.5noise8.0_num25000.out
out simulationout-proposedmcmcp_exclusive_len50sig15vari1.5noise8.0_num25000
pout pos_simulationout-proposedmcmcp_exclusive_len50sig15vari1.5noise8.0_num25000.out
nout neg_simulationout-proposedmcmcp_exclusive_len50sig15vari1.5noise8.0_num25000.out
pos 0.0001 0.0001 0.0001 0.0001 0.0001 0.0001 0.0001 0.0001 0.0001 0.0001 0.0001 0.0001 0.0001 0.0001 0.0001 0.0001 0.0001 0.0001 0.0001 0.0001 0.0001 0.0001 0.0001 0.0001 0.0001 0.0001 0.0001 0.0001 0.0001 0.0001 0.0001 0.0001 0.0001 0.0001 0.0001 0.0001 0.0001 0.0001 0.0001 0.0001 0.0001 0.0001 0.0001 0.0001 0.0001 0.0001 0.0001 0.0001 0.0001 0.0001 
mi -0.0999
ma 0.1001
th 0
threshold -0.0999
tp 50
fn 0
tn 0
fp 30575
tp/(tp+fn) 1.0
tp/(tp+fp) 0.00163265306122
th 1
threshold -0.0979
tp 50
fn 0
tn 0
fp 30575
tp/(tp+fn) 1.0
tp/(tp+fp) 0.00163265306122
th 2
threshold -0.0959
tp 50
fn 0
tn 0
fp 30575
tp/(tp+fn) 1.0
tp/(tp+fp) 0.00163265306122
th 3
threshold -0.0939
tp 50
fn 0
tn 0
fp 30575
tp/(tp+fn) 1.0
tp/(tp+fp) 0.00163265306122
th 4
threshold -0.0919
tp 50
fn 0
tn 0
fp 30575
tp/(tp+fn) 1.0
tp/(tp+fp) 0.00163265306122
th 5
threshold -0.0899
tp 50
fn 0
tn 0
fp 30575
tp/(tp+fn) 1.0
tp/(tp+fp) 0.00163265306122
th 6
threshold -0.0879
tp 50
fn 0
tn 0
fp 30575
tp/(tp+fn) 1.0
tp/(tp+fp) 0.00163265306122
th 7
threshold -0.0859
tp 50
fn 0
tn 0
fp 30575
tp/(tp+fn) 1.0
tp/(tp+fp) 0.00163265306122
th 8
threshold -0.0839
tp 50
fn 0
tn 0
fp 30575
tp/(tp+fn) 1.0
tp/(tp+fp) 0.00163265306122
th 9
threshold -0.0819
tp 50
fn 0
tn 0
fp 30575
tp/(tp+fn) 1.0
tp/(tp+fp) 0.00163265306122
th 10
threshold -0.0799
tp 50
fn 0
tn 0
fp 30575
tp/(tp+fn) 1.0
tp/(tp+fp) 0.00163265306122
th 11
threshold -0.0779
tp 50
fn 0
tn 0
fp 30575
tp/(tp+fn) 1.0
tp/(tp+fp) 0.00163265306122
th 12
threshold -0.0759
tp 50
fn 0
tn 0
fp 30575
tp/(tp+fn) 1.0
tp/(tp+fp) 0.00163265306122
th 13
threshold -0.0739
tp 50
fn 0
tn 0
fp 30575
tp/(tp+fn) 1.0
tp/(tp+fp) 0.00163265306122
th 14
threshold -0.0719
tp 50
fn 0
tn 0
fp 30575
tp/(tp+fn) 1.0
tp/(tp+fp) 0.00163265306122
th 15
threshold -0.0699
tp 50
fn 0
tn 0
fp 30575
tp/(tp+fn) 1.0
tp/(tp+fp) 0.00163265306122
th 16
threshold -0.0679
tp 50
fn 0
tn 0
fp 30575
tp/(tp+fn) 1.0
tp/(tp+fp) 0.00163265306122
th 17
threshold -0.0659
tp 50
fn 0
tn 0
fp 30575
tp/(tp+fn) 1.0
tp/(tp+fp) 0.00163265306122
th 18
threshold -0.0639
tp 50
fn 0
tn 0
fp 30575
tp/(tp+fn) 1.0
tp/(tp+fp) 0.00163265306122
th 19
threshold -0.0619
tp 50
fn 0
tn 0
fp 30575
tp/(tp+fn) 1.0
tp/(tp+fp) 0.00163265306122
th 20
threshold -0.0599
tp 50
fn 0
tn 0
fp 30575
tp/(tp+fn) 1.0
tp/(tp+fp) 0.00163265306122
th 21
threshold -0.0579
tp 50
fn 0
tn 0
fp 30575
tp/(tp+fn) 1.0
tp/(tp+fp) 0.00163265306122
th 22
threshold -0.0559
tp 50
fn 0
tn 0
fp 30575
tp/(tp+fn) 1.0
tp/(tp+fp) 0.00163265306122
th 23
threshold -0.0539
tp 50
fn 0
tn 0
fp 30575
tp/(tp+fn) 1.0
tp/(tp+fp) 0.00163265306122
th 24
threshold -0.0519
tp 50
fn 0
tn 0
fp 30575
tp/(tp+fn) 1.0
tp/(tp+fp) 0.00163265306122
th 25
threshold -0.0499
tp 50
fn 0
tn 0
fp 30575
tp/(tp+fn) 1.0
tp/(tp+fp) 0.00163265306122
th 26
threshold -0.0479
tp 50
fn 0
tn 0
fp 30575
tp/(tp+fn) 1.0
tp/(tp+fp) 0.00163265306122
th 27
threshold -0.0459
tp 50
fn 0
tn 0
fp 30575
tp/(tp+fn) 1.0
tp/(tp+fp) 0.00163265306122
th 28
threshold -0.0439
tp 50
fn 0
tn 0
fp 30575
tp/(tp+fn) 1.0
tp/(tp+fp) 0.00163265306122
th 29
threshold -0.0419
tp 50
fn 0
tn 0
fp 30575
tp/(tp+fn) 1.0
tp/(tp+fp) 0.00163265306122
th 30
threshold -0.0399
tp 50
fn 0
tn 0
fp 30575
tp/(tp+fn) 1.0
tp/(tp+fp) 0.00163265306122
th 31
threshold -0.0379
tp 50
fn 0
tn 0
fp 30575
tp/(tp+fn) 1.0
tp/(tp+fp) 0.00163265306122
th 32
threshold -0.0359
tp 50
fn 0
tn 0
fp 30575
tp/(tp+fn) 1.0
tp/(tp+fp) 0.00163265306122
th 33
threshold -0.0339
tp 50
fn 0
tn 0
fp 30575
tp/(tp+fn) 1.0
tp/(tp+fp) 0.00163265306122
th 34
threshold -0.0319
tp 50
fn 0
tn 0
fp 30575
tp/(tp+fn) 1.0
tp/(tp+fp) 0.00163265306122
th 35
threshold -0.0299
tp 50
fn 0
tn 0
fp 30575
tp/(tp+fn) 1.0
tp/(tp+fp) 0.00163265306122
th 36
threshold -0.0279
tp 50
fn 0
tn 0
fp 30575
tp/(tp+fn) 1.0
tp/(tp+fp) 0.00163265306122
th 37
threshold -0.0259
tp 50
fn 0
tn 0
fp 30575
tp/(tp+fn) 1.0
tp/(tp+fp) 0.00163265306122
th 38
threshold -0.0239
tp 50
fn 0
tn 0
fp 30575
tp/(tp+fn) 1.0
tp/(tp+fp) 0.00163265306122
th 39
threshold -0.0219
tp 50
fn 0
tn 0
fp 30575
tp/(tp+fn) 1.0
tp/(tp+fp) 0.00163265306122
th 40
threshold -0.0199
tp 50
fn 0
tn 0
fp 30575
tp/(tp+fn) 1.0
tp/(tp+fp) 0.00163265306122
th 41
threshold -0.0179
tp 50
fn 0
tn 0
fp 30575
tp/(tp+fn) 1.0
tp/(tp+fp) 0.00163265306122
th 42
threshold -0.0159
tp 50
fn 0
tn 0
fp 30575
tp/(tp+fn) 1.0
tp/(tp+fp) 0.00163265306122
th 43
threshold -0.0139
tp 50
fn 0
tn 0
fp 30575
tp/(tp+fn) 1.0
tp/(tp+fp) 0.00163265306122
th 44
threshold -0.0119
tp 50
fn 0
tn 0
fp 30575
tp/(tp+fn) 1.0
tp/(tp+fp) 0.00163265306122
th 45
threshold -0.0099
tp 50
fn 0
tn 0
fp 30575
tp/(tp+fn) 1.0
tp/(tp+fp) 0.00163265306122
th 46
threshold -0.0079
tp 50
fn 0
tn 0
fp 30575
tp/(tp+fn) 1.0
tp/(tp+fp) 0.00163265306122
th 47
threshold -0.0059
tp 50
fn 0
tn 0
fp 30575
tp/(tp+fn) 1.0
tp/(tp+fp) 0.00163265306122
th 48
threshold -0.0039
tp 50
fn 0
tn 0
fp 30575
tp/(tp+fn) 1.0
tp/(tp+fp) 0.00163265306122
th 49
threshold -0.0019
tp 50
fn 0
tn 0
fp 30575
tp/(tp+fn) 1.0
tp/(tp+fp) 0.00163265306122
th 50
threshold 0.0001
tp 0
fn 50
tn 30575
fp 0
th 51
threshold 0.0021
tp 0
fn 50
tn 30575
fp 0
th 52
threshold 0.0041
tp 0
fn 50
tn 30575
fp 0
th 53
threshold 0.0061
tp 0
fn 50
tn 30575
fp 0
th 54
threshold 0.0081
tp 0
fn 50
tn 30575
fp 0
th 55
threshold 0.0101
tp 0
fn 50
tn 30575
fp 0
th 56
threshold 0.0121
tp 0
fn 50
tn 30575
fp 0
th 57
threshold 0.0141
tp 0
fn 50
tn 30575
fp 0
th 58
threshold 0.0161
tp 0
fn 50
tn 30575
fp 0
th 59
threshold 0.0181
tp 0
fn 50
tn 30575
fp 0
th 60
threshold 0.0201
tp 0
fn 50
tn 30575
fp 0
th 61
threshold 0.0221
tp 0
fn 50
tn 30575
fp 0
th 62
threshold 0.0241
tp 0
fn 50
tn 30575
fp 0
th 63
threshold 0.0261
tp 0
fn 50
tn 30575
fp 0
th 64
threshold 0.0281
tp 0
fn 50
tn 30575
fp 0
th 65
threshold 0.0301
tp 0
fn 50
tn 30575
fp 0
th 66
threshold 0.0321
tp 0
fn 50
tn 30575
fp 0
th 67
threshold 0.0341
tp 0
fn 50
tn 30575
fp 0
th 68
threshold 0.0361
tp 0
fn 50
tn 30575
fp 0
th 69
threshold 0.0381
tp 0
fn 50
tn 30575
fp 0
th 70
threshold 0.0401
tp 0
fn 50
tn 30575
fp 0
th 71
threshold 0.0421
tp 0
fn 50
tn 30575
fp 0
th 72
threshold 0.0441
tp 0
fn 50
tn 30575
fp 0
th 73
threshold 0.0461
tp 0
fn 50
tn 30575
fp 0
th 74
threshold 0.0481
tp 0
fn 50
tn 30575
fp 0
th 75
threshold 0.0501
tp 0
fn 50
tn 30575
fp 0
th 76
threshold 0.0521
tp 0
fn 50
tn 30575
fp 0
th 77
threshold 0.0541
tp 0
fn 50
tn 30575
fp 0
th 78
threshold 0.0561
tp 0
fn 50
tn 30575
fp 0
th 79
threshold 0.0581
tp 0
fn 50
tn 30575
fp 0
th 80
threshold 0.0601
tp 0
fn 50
tn 30575
fp 0
th 81
threshold 0.0621
tp 0
fn 50
tn 30575
fp 0
th 82
threshold 0.0641
tp 0
fn 50
tn 30575
fp 0
th 83
threshold 0.0661
tp 0
fn 50
tn 30575
fp 0
th 84
threshold 0.0681
tp 0
fn 50
tn 30575
fp 0
th 85
threshold 0.0701
tp 0
fn 50
tn 30575
fp 0
th 86
threshold 0.0721
tp 0
fn 50
tn 30575
fp 0
th 87
threshold 0.0741
tp 0
fn 50
tn 30575
fp 0
th 88
threshold 0.0761
tp 0
fn 50
tn 30575
fp 0
th 89
threshold 0.0781
tp 0
fn 50
tn 30575
fp 0
th 90
threshold 0.0801
tp 0
fn 50
tn 30575
fp 0
th 91
threshold 0.0821
tp 0
fn 50
tn 30575
fp 0
th 92
threshold 0.0841
tp 0
fn 50
tn 30575
fp 0
th 93
threshold 0.0861
tp 0
fn 50
tn 30575
fp 0
th 94
threshold 0.0881
tp 0
fn 50
tn 30575
fp 0
th 95
threshold 0.0901
tp 0
fn 50
tn 30575
fp 0
th 96
threshold 0.0921
tp 0
fn 50
tn 30575
fp 0
th 97
threshold 0.0941
tp 0
fn 50
tn 30575
fp 0
th 98
threshold 0.0961
tp 0
fn 50
tn 30575
fp 0
th 99
threshold 0.0981
tp 0
fn 50
tn 30575
fp 0
recall [1.0, 1.0, 1.0, 1.0, 1.0, 1.0, 1.0, 1.0, 1.0, 1.0, 1.0, 1.0, 1.0, 1.0, 1.0, 1.0, 1.0, 1.0, 1.0, 1.0, 1.0, 1.0, 1.0, 1.0, 1.0, 1.0, 1.0, 1.0, 1.0, 1.0, 1.0, 1.0, 1.0, 1.0, 1.0, 1.0, 1.0, 1.0, 1.0, 1.0, 1.0, 1.0, 1.0, 1.0, 1.0, 1.0, 1.0, 1.0, 1.0, 1.0, 0, 0, 0, 0, 0, 0, 0, 0, 0, 0, 0, 0, 0, 0, 0, 0, 0, 0, 0, 0, 0, 0, 0, 0, 0, 0, 0, 0, 0, 0, 0, 0, 0, 0, 0, 0, 0, 0, 0, 0, 0, 0, 0, 0, 0, 0, 0, 0, 0, 0]
precision [0.0016326530612244899, 0.0016326530612244899, 0.0016326530612244899, 0.0016326530612244899, 0.0016326530612244899, 0.0016326530612244899, 0.0016326530612244899, 0.0016326530612244899, 0.0016326530612244899, 0.0016326530612244899, 0.0016326530612244899, 0.0016326530612244899, 0.0016326530612244899, 0.0016326530612244899, 0.0016326530612244899, 0.0016326530612244899, 0.0016326530612244899, 0.0016326530612244899, 0.0016326530612244899, 0.0016326530612244899, 0.0016326530612244899, 0.0016326530612244899, 0.0016326530612244899, 0.0016326530612244899, 0.0016326530612244899, 0.0016326530612244899, 0.0016326530612244899, 0.0016326530612244899, 0.0016326530612244899, 0.0016326530612244899, 0.0016326530612244899, 0.0016326530612244899, 0.0016326530612244899, 0.0016326530612244899, 0.0016326530612244899, 0.0016326530612244899, 0.0016326530612244899, 0.0016326530612244899, 0.0016326530612244899, 0.0016326530612244899, 0.0016326530612244899, 0.0016326530612244899, 0.0016326530612244899, 0.0016326530612244899, 0.0016326530612244899, 0.0016326530612244899, 0.0016326530612244899, 0.0016326530612244899, 0.0016326530612244899, 0.0016326530612244899, 0, 0, 0, 0, 0, 0, 0, 0, 0, 0, 0, 0, 0, 0, 0, 0, 0, 0, 0, 0, 0, 0, 0, 0, 0, 0, 0, 0, 0, 0, 0, 0, 0, 0, 0, 0, 0, 0, 0, 0, 0, 0, 0, 0, 0, 0, 0, 0, 0, 0]
0
total= 0.000816326530612
c = prarea_simulationout-proposedmcmcp_exclusive_len50sig15vari1.5noise8.0_num25000.out
out simulationout-proposedmcmcn_exclusive_len50sig15vari1.5noise8.0_num25000
pout pos_simulationout-proposedmcmcn_exclusive_len50sig15vari1.5noise8.0_num25000.out
nout neg_simulationout-proposedmcmcn_exclusive_len50sig15vari1.5noise8.0_num25000.out
pos 0.0001 0.0001 0.0001 0.0001 0.0001 0.0001 0.0001 0.0001 0.0001 0.0001 0.0001 0.0001 0.0001 0.0001 0.0001 0.0001 0.0001 0.0001 0.0001 0.0001 0.0001 0.0001 0.0001 0.0001 0.0001 0.0001 0.0001 0.0001 0.0001 0.0001 0.0001 0.0001 0.0001 0.0001 0.0001 0.0001 0.0001 0.0001 0.0001 0.0001 0.0001 0.0001 0.0001 0.0001 0.0001 0.0001 0.0001 0.0001 0.0001 0.0001 
mi -0.0999
ma 0.1001
th 0
threshold -0.0999
tp 50
fn 0
tn 0
fp 30575
tp/(tp+fn) 1.0
tp/(tp+fp) 0.00163265306122
th 1
threshold -0.0979
tp 50
fn 0
tn 0
fp 30575
tp/(tp+fn) 1.0
tp/(tp+fp) 0.00163265306122
th 2
threshold -0.0959
tp 50
fn 0
tn 0
fp 30575
tp/(tp+fn) 1.0
tp/(tp+fp) 0.00163265306122
th 3
threshold -0.0939
tp 50
fn 0
tn 0
fp 30575
tp/(tp+fn) 1.0
tp/(tp+fp) 0.00163265306122
th 4
threshold -0.0919
tp 50
fn 0
tn 0
fp 30575
tp/(tp+fn) 1.0
tp/(tp+fp) 0.00163265306122
th 5
threshold -0.0899
tp 50
fn 0
tn 0
fp 30575
tp/(tp+fn) 1.0
tp/(tp+fp) 0.00163265306122
th 6
threshold -0.0879
tp 50
fn 0
tn 0
fp 30575
tp/(tp+fn) 1.0
tp/(tp+fp) 0.00163265306122
th 7
threshold -0.0859
tp 50
fn 0
tn 0
fp 30575
tp/(tp+fn) 1.0
tp/(tp+fp) 0.00163265306122
th 8
threshold -0.0839
tp 50
fn 0
tn 0
fp 30575
tp/(tp+fn) 1.0
tp/(tp+fp) 0.00163265306122
th 9
threshold -0.0819
tp 50
fn 0
tn 0
fp 30575
tp/(tp+fn) 1.0
tp/(tp+fp) 0.00163265306122
th 10
threshold -0.0799
tp 50
fn 0
tn 0
fp 30575
tp/(tp+fn) 1.0
tp/(tp+fp) 0.00163265306122
th 11
threshold -0.0779
tp 50
fn 0
tn 0
fp 30575
tp/(tp+fn) 1.0
tp/(tp+fp) 0.00163265306122
th 12
threshold -0.0759
tp 50
fn 0
tn 0
fp 30575
tp/(tp+fn) 1.0
tp/(tp+fp) 0.00163265306122
th 13
threshold -0.0739
tp 50
fn 0
tn 0
fp 30575
tp/(tp+fn) 1.0
tp/(tp+fp) 0.00163265306122
th 14
threshold -0.0719
tp 50
fn 0
tn 0
fp 30575
tp/(tp+fn) 1.0
tp/(tp+fp) 0.00163265306122
th 15
threshold -0.0699
tp 50
fn 0
tn 0
fp 30575
tp/(tp+fn) 1.0
tp/(tp+fp) 0.00163265306122
th 16
threshold -0.0679
tp 50
fn 0
tn 0
fp 30575
tp/(tp+fn) 1.0
tp/(tp+fp) 0.00163265306122
th 17
threshold -0.0659
tp 50
fn 0
tn 0
fp 30575
tp/(tp+fn) 1.0
tp/(tp+fp) 0.00163265306122
th 18
threshold -0.0639
tp 50
fn 0
tn 0
fp 30575
tp/(tp+fn) 1.0
tp/(tp+fp) 0.00163265306122
th 19
threshold -0.0619
tp 50
fn 0
tn 0
fp 30575
tp/(tp+fn) 1.0
tp/(tp+fp) 0.00163265306122
th 20
threshold -0.0599
tp 50
fn 0
tn 0
fp 30575
tp/(tp+fn) 1.0
tp/(tp+fp) 0.00163265306122
th 21
threshold -0.0579
tp 50
fn 0
tn 0
fp 30575
tp/(tp+fn) 1.0
tp/(tp+fp) 0.00163265306122
th 22
threshold -0.0559
tp 50
fn 0
tn 0
fp 30575
tp/(tp+fn) 1.0
tp/(tp+fp) 0.00163265306122
th 23
threshold -0.0539
tp 50
fn 0
tn 0
fp 30575
tp/(tp+fn) 1.0
tp/(tp+fp) 0.00163265306122
th 24
threshold -0.0519
tp 50
fn 0
tn 0
fp 30575
tp/(tp+fn) 1.0
tp/(tp+fp) 0.00163265306122
th 25
threshold -0.0499
tp 50
fn 0
tn 0
fp 30575
tp/(tp+fn) 1.0
tp/(tp+fp) 0.00163265306122
th 26
threshold -0.0479
tp 50
fn 0
tn 0
fp 30575
tp/(tp+fn) 1.0
tp/(tp+fp) 0.00163265306122
th 27
threshold -0.0459
tp 50
fn 0
tn 0
fp 30575
tp/(tp+fn) 1.0
tp/(tp+fp) 0.00163265306122
th 28
threshold -0.0439
tp 50
fn 0
tn 0
fp 30575
tp/(tp+fn) 1.0
tp/(tp+fp) 0.00163265306122
th 29
threshold -0.0419
tp 50
fn 0
tn 0
fp 30575
tp/(tp+fn) 1.0
tp/(tp+fp) 0.00163265306122
th 30
threshold -0.0399
tp 50
fn 0
tn 0
fp 30575
tp/(tp+fn) 1.0
tp/(tp+fp) 0.00163265306122
th 31
threshold -0.0379
tp 50
fn 0
tn 0
fp 30575
tp/(tp+fn) 1.0
tp/(tp+fp) 0.00163265306122
th 32
threshold -0.0359
tp 50
fn 0
tn 0
fp 30575
tp/(tp+fn) 1.0
tp/(tp+fp) 0.00163265306122
th 33
threshold -0.0339
tp 50
fn 0
tn 0
fp 30575
tp/(tp+fn) 1.0
tp/(tp+fp) 0.00163265306122
th 34
threshold -0.0319
tp 50
fn 0
tn 0
fp 30575
tp/(tp+fn) 1.0
tp/(tp+fp) 0.00163265306122
th 35
threshold -0.0299
tp 50
fn 0
tn 0
fp 30575
tp/(tp+fn) 1.0
tp/(tp+fp) 0.00163265306122
th 36
threshold -0.0279
tp 50
fn 0
tn 0
fp 30575
tp/(tp+fn) 1.0
tp/(tp+fp) 0.00163265306122
th 37
threshold -0.0259
tp 50
fn 0
tn 0
fp 30575
tp/(tp+fn) 1.0
tp/(tp+fp) 0.00163265306122
th 38
threshold -0.0239
tp 50
fn 0
tn 0
fp 30575
tp/(tp+fn) 1.0
tp/(tp+fp) 0.00163265306122
th 39
threshold -0.0219
tp 50
fn 0
tn 0
fp 30575
tp/(tp+fn) 1.0
tp/(tp+fp) 0.00163265306122
th 40
threshold -0.0199
tp 50
fn 0
tn 0
fp 30575
tp/(tp+fn) 1.0
tp/(tp+fp) 0.00163265306122
th 41
threshold -0.0179
tp 50
fn 0
tn 0
fp 30575
tp/(tp+fn) 1.0
tp/(tp+fp) 0.00163265306122
th 42
threshold -0.0159
tp 50
fn 0
tn 0
fp 30575
tp/(tp+fn) 1.0
tp/(tp+fp) 0.00163265306122
th 43
threshold -0.0139
tp 50
fn 0
tn 0
fp 30575
tp/(tp+fn) 1.0
tp/(tp+fp) 0.00163265306122
th 44
threshold -0.0119
tp 50
fn 0
tn 0
fp 30575
tp/(tp+fn) 1.0
tp/(tp+fp) 0.00163265306122
th 45
threshold -0.0099
tp 50
fn 0
tn 0
fp 30575
tp/(tp+fn) 1.0
tp/(tp+fp) 0.00163265306122
th 46
threshold -0.0079
tp 50
fn 0
tn 0
fp 30575
tp/(tp+fn) 1.0
tp/(tp+fp) 0.00163265306122
th 47
threshold -0.0059
tp 50
fn 0
tn 0
fp 30575
tp/(tp+fn) 1.0
tp/(tp+fp) 0.00163265306122
th 48
threshold -0.0039
tp 50
fn 0
tn 0
fp 30575
tp/(tp+fn) 1.0
tp/(tp+fp) 0.00163265306122
th 49
threshold -0.0019
tp 50
fn 0
tn 0
fp 30575
tp/(tp+fn) 1.0
tp/(tp+fp) 0.00163265306122
th 50
threshold 0.0001
tp 0
fn 50
tn 30575
fp 0
th 51
threshold 0.0021
tp 0
fn 50
tn 30575
fp 0
th 52
threshold 0.0041
tp 0
fn 50
tn 30575
fp 0
th 53
threshold 0.0061
tp 0
fn 50
tn 30575
fp 0
th 54
threshold 0.0081
tp 0
fn 50
tn 30575
fp 0
th 55
threshold 0.0101
tp 0
fn 50
tn 30575
fp 0
th 56
threshold 0.0121
tp 0
fn 50
tn 30575
fp 0
th 57
threshold 0.0141
tp 0
fn 50
tn 30575
fp 0
th 58
threshold 0.0161
tp 0
fn 50
tn 30575
fp 0
th 59
threshold 0.0181
tp 0
fn 50
tn 30575
fp 0
th 60
threshold 0.0201
tp 0
fn 50
tn 30575
fp 0
th 61
threshold 0.0221
tp 0
fn 50
tn 30575
fp 0
th 62
threshold 0.0241
tp 0
fn 50
tn 30575
fp 0
th 63
threshold 0.0261
tp 0
fn 50
tn 30575
fp 0
th 64
threshold 0.0281
tp 0
fn 50
tn 30575
fp 0
th 65
threshold 0.0301
tp 0
fn 50
tn 30575
fp 0
th 66
threshold 0.0321
tp 0
fn 50
tn 30575
fp 0
th 67
threshold 0.0341
tp 0
fn 50
tn 30575
fp 0
th 68
threshold 0.0361
tp 0
fn 50
tn 30575
fp 0
th 69
threshold 0.0381
tp 0
fn 50
tn 30575
fp 0
th 70
threshold 0.0401
tp 0
fn 50
tn 30575
fp 0
th 71
threshold 0.0421
tp 0
fn 50
tn 30575
fp 0
th 72
threshold 0.0441
tp 0
fn 50
tn 30575
fp 0
th 73
threshold 0.0461
tp 0
fn 50
tn 30575
fp 0
th 74
threshold 0.0481
tp 0
fn 50
tn 30575
fp 0
th 75
threshold 0.0501
tp 0
fn 50
tn 30575
fp 0
th 76
threshold 0.0521
tp 0
fn 50
tn 30575
fp 0
th 77
threshold 0.0541
tp 0
fn 50
tn 30575
fp 0
th 78
threshold 0.0561
tp 0
fn 50
tn 30575
fp 0
th 79
threshold 0.0581
tp 0
fn 50
tn 30575
fp 0
th 80
threshold 0.0601
tp 0
fn 50
tn 30575
fp 0
th 81
threshold 0.0621
tp 0
fn 50
tn 30575
fp 0
th 82
threshold 0.0641
tp 0
fn 50
tn 30575
fp 0
th 83
threshold 0.0661
tp 0
fn 50
tn 30575
fp 0
th 84
threshold 0.0681
tp 0
fn 50
tn 30575
fp 0
th 85
threshold 0.0701
tp 0
fn 50
tn 30575
fp 0
th 86
threshold 0.0721
tp 0
fn 50
tn 30575
fp 0
th 87
threshold 0.0741
tp 0
fn 50
tn 30575
fp 0
th 88
threshold 0.0761
tp 0
fn 50
tn 30575
fp 0
th 89
threshold 0.0781
tp 0
fn 50
tn 30575
fp 0
th 90
threshold 0.0801
tp 0
fn 50
tn 30575
fp 0
th 91
threshold 0.0821
tp 0
fn 50
tn 30575
fp 0
th 92
threshold 0.0841
tp 0
fn 50
tn 30575
fp 0
th 93
threshold 0.0861
tp 0
fn 50
tn 30575
fp 0
th 94
threshold 0.0881
tp 0
fn 50
tn 30575
fp 0
th 95
threshold 0.0901
tp 0
fn 50
tn 30575
fp 0
th 96
threshold 0.0921
tp 0
fn 50
tn 30575
fp 0
th 97
threshold 0.0941
tp 0
fn 50
tn 30575
fp 0
th 98
threshold 0.0961
tp 0
fn 50
tn 30575
fp 0
th 99
threshold 0.0981
tp 0
fn 50
tn 30575
fp 0
recall [1.0, 1.0, 1.0, 1.0, 1.0, 1.0, 1.0, 1.0, 1.0, 1.0, 1.0, 1.0, 1.0, 1.0, 1.0, 1.0, 1.0, 1.0, 1.0, 1.0, 1.0, 1.0, 1.0, 1.0, 1.0, 1.0, 1.0, 1.0, 1.0, 1.0, 1.0, 1.0, 1.0, 1.0, 1.0, 1.0, 1.0, 1.0, 1.0, 1.0, 1.0, 1.0, 1.0, 1.0, 1.0, 1.0, 1.0, 1.0, 1.0, 1.0, 0, 0, 0, 0, 0, 0, 0, 0, 0, 0, 0, 0, 0, 0, 0, 0, 0, 0, 0, 0, 0, 0, 0, 0, 0, 0, 0, 0, 0, 0, 0, 0, 0, 0, 0, 0, 0, 0, 0, 0, 0, 0, 0, 0, 0, 0, 0, 0, 0, 0]
precision [0.0016326530612244899, 0.0016326530612244899, 0.0016326530612244899, 0.0016326530612244899, 0.0016326530612244899, 0.0016326530612244899, 0.0016326530612244899, 0.0016326530612244899, 0.0016326530612244899, 0.0016326530612244899, 0.0016326530612244899, 0.0016326530612244899, 0.0016326530612244899, 0.0016326530612244899, 0.0016326530612244899, 0.0016326530612244899, 0.0016326530612244899, 0.0016326530612244899, 0.0016326530612244899, 0.0016326530612244899, 0.0016326530612244899, 0.0016326530612244899, 0.0016326530612244899, 0.0016326530612244899, 0.0016326530612244899, 0.0016326530612244899, 0.0016326530612244899, 0.0016326530612244899, 0.0016326530612244899, 0.0016326530612244899, 0.0016326530612244899, 0.0016326530612244899, 0.0016326530612244899, 0.0016326530612244899, 0.0016326530612244899, 0.0016326530612244899, 0.0016326530612244899, 0.0016326530612244899, 0.0016326530612244899, 0.0016326530612244899, 0.0016326530612244899, 0.0016326530612244899, 0.0016326530612244899, 0.0016326530612244899, 0.0016326530612244899, 0.0016326530612244899, 0.0016326530612244899, 0.0016326530612244899, 0.0016326530612244899, 0.0016326530612244899, 0, 0, 0, 0, 0, 0, 0, 0, 0, 0, 0, 0, 0, 0, 0, 0, 0, 0, 0, 0, 0, 0, 0, 0, 0, 0, 0, 0, 0, 0, 0, 0, 0, 0, 0, 0, 0, 0, 0, 0, 0, 0, 0, 0, 0, 0, 0, 0, 0, 0]
0
total= 0.000816326530612
c = prarea_simulationout-proposedmcmcn_exclusive_len50sig15vari1.5noise8.0_num25000.out
