f_p [0.4, 0.32, 0.34, 0.18, 0.24, 0.34, 0.0, 0.02, 0.28, 0.2, 0.18, 0.08, 0.32, 0.24, 0.04, 0.1, 0.22, 0.06, 0.1, 0.2, 0.0, 0.28, 0.12, 0.08, 0.14, 0.26, 0.24, 0.2, 0.36, 0.16, 0.14, 0.06, 0.3, 0.04, 0.14, 0.24, 0.36, 0.0, 0.2, 0.4, 0.32, 0.16, 0.4, 0.12, 0.3, 0.06, 0.34, 0.3, 0.28, 0.44]
done p_mat_p

R version 3.0.2 (2013-09-25) -- "Frisbee Sailing"
Copyright (C) 2013 The R Foundation for Statistical Computing
Platform: x86_64-pc-linux-gnu (64-bit)

R is free software and comes with ABSOLUTELY NO WARRANTY.
You are welcome to redistribute it under certain conditions.
Type 'license()' or 'licence()' for distribution details.

  Natural language support but running in an English locale

R is a collaborative project with many contributors.
Type 'contributors()' for more information and
'citation()' on how to cite R or R packages in publications.

Type 'demo()' for some demos, 'help()' for on-line help, or
'help.start()' for an HTML browser interface to help.
Type 'q()' to quit R.

> getwd()
[1] "/home/ubuntu/ISBRA/ISBRA"
> args <- commandArgs()
> #finput <- paste("b", roop_n, ".txt", sep="")
> finput <- paste("b.txt", sep="")
> p <- scan(finput, "character", sep="\n")
> #print(p)
> p <- t(sapply(strsplit(p, " "), function(x){as.numeric(x)}))
> 
> tests_s <- paste("tests.txt", sep="")
> ts_s <- scan(tests_s, "character", sep="\n")
> ts_s <- t(sapply(strsplit(ts_s, " "), function(x){as.numeric(x)}))
> 
> print(ts_s)
     [,1] [,2] [,3] [,4] [,5] [,6] [,7] [,8] [,9] [,10] [,11] [,12] [,13] [,14]
[1,]    3    4    3    5    6    0    1    9    5     3     0     7     6     1
     [,15] [,16] [,17] [,18] [,19] [,20] [,21] [,22] [,23] [,24] [,25] [,26]
[1,]     2     5     2     3     3     0     7     3     3     6     6     4
     [,27] [,28] [,29] [,30] [,31] [,32] [,33] [,34] [,35] [,36] [,37] [,38]
[1,]     4     6     3     1     1     7     1     3     6     7     0     5
     [,39] [,40] [,41] [,42] [,43] [,44] [,45] [,46] [,47] [,48] [,49] [,50]
[1,]     7     9     4     8     2     8     2     6     7     8    11     6
     [,51] [,52] [,53] [,54] [,55] [,56] [,57] [,58] [,59] [,60] [,61] [,62]
[1,]     1     4     6     0     0     6     4     5     2     5     5     1
     [,63] [,64] [,65] [,66] [,67] [,68] [,69] [,70] [,71] [,72] [,73] [,74]
[1,]     1     5     2     0     2     0     2     3     0     0     6     1
     [,75] [,76] [,77] [,78] [,79] [,80] [,81] [,82] [,83] [,84] [,85] [,86]
[1,]     2     8     3     4     1     6     0     3     2     7     0     2
     [,87] [,88] [,89] [,90] [,91] [,92] [,93] [,94] [,95] [,96] [,97] [,98]
[1,]     7     7     2     7     2     4     1     9     6     6     8     5
     [,99] [,100] [,101] [,102] [,103] [,104] [,105] [,106] [,107] [,108]
[1,]     4      9      0      0      3      5      3      3      7      2
     [,109] [,110] [,111] [,112] [,113] [,114] [,115] [,116] [,117] [,118]
[1,]      1      2      4      1      3      6      0      4      2      2
     [,119] [,120] [,121] [,122] [,123] [,124] [,125] [,126] [,127] [,128]
[1,]      3      2      5      3      6      3      2      1      6      0
     [,129] [,130] [,131] [,132] [,133] [,134] [,135] [,136] [,137] [,138]
[1,]      4      4      9      0      3      9      5      3      7      3
     [,139] [,140] [,141] [,142] [,143] [,144] [,145] [,146] [,147] [,148]
[1,]      5      2      9      6      5      8      1      4      0      1
     [,149] [,150] [,151] [,152] [,153] [,154] [,155] [,156] [,157] [,158]
[1,]      3      4      1      3      4      2      2      2      1      2
     [,159] [,160] [,161] [,162] [,163] [,164] [,165] [,166] [,167] [,168]
[1,]      2      1      0      4      2      0      3      1      3      1
     [,169] [,170] [,171] [,172] [,173] [,174] [,175] [,176] [,177] [,178]
[1,]      2      1      1      0      2      0      2      3      5      0
     [,179] [,180] [,181] [,182] [,183] [,184] [,185] [,186] [,187] [,188]
[1,]      3      4      3      3      4      1      3      1      3      3
     [,189] [,190] [,191] [,192] [,193] [,194] [,195] [,196] [,197] [,198]
[1,]      3      4      3      0      1      4      3      3      1      7
     [,199] [,200] [,201] [,202] [,203] [,204] [,205] [,206] [,207] [,208]
[1,]      4      1      2      2      1      3      5      0      3      4
     [,209] [,210] [,211] [,212] [,213] [,214] [,215] [,216] [,217] [,218]
[1,]      0      3      3      1      4      6      0      5      0      6
     [,219] [,220] [,221] [,222] [,223] [,224] [,225] [,226] [,227] [,228]
[1,]      1      3      6      6      0      4      5      3      3      5
     [,229] [,230] [,231] [,232] [,233] [,234] [,235] [,236] [,237] [,238]
[1,]      2      6      0      6      5      3     10      0      0      5
     [,239] [,240] [,241] [,242] [,243] [,244] [,245] [,246] [,247] [,248]
[1,]      5      3      3      6      5      1      4      4      2      2
     [,249] [,250] [,251] [,252] [,253] [,254] [,255] [,256] [,257] [,258]
[1,]      6      0      6      2      2      3      4      5      3      6
     [,259] [,260] [,261] [,262] [,263] [,264] [,265] [,266] [,267] [,268]
[1,]      3      3      1      6      1      3      6      8      0      2
     [,269] [,270] [,271] [,272] [,273] [,274] [,275] [,276] [,277] [,278]
[1,]      9      7      4      6      4      7      3      5      6      6
     [,279] [,280] [,281] [,282] [,283] [,284] [,285] [,286] [,287] [,288]
[1,]      9      0      0      0      0      0      0      0      0      0
     [,289] [,290] [,291] [,292] [,293] [,294] [,295] [,296] [,297] [,298]
[1,]      0      0      0      0      0      0      0      0      0      0
     [,299] [,300] [,301] [,302] [,303] [,304] [,305] [,306] [,307] [,308]
[1,]      0      0      0      0      0      0      0      0      0      0
     [,309] [,310] [,311] [,312] [,313] [,314] [,315] [,316] [,317] [,318]
[1,]      0      0      0      0      0      0      0      0      0      0
     [,319] [,320] [,321] [,322] [,323] [,324] [,325] [,326] [,327] [,328]
[1,]      0      0      0      0      1      1      1      0      1      1
     [,329] [,330] [,331] [,332] [,333] [,334] [,335] [,336] [,337] [,338]
[1,]      1      0      0      0      1      0      0      1      1      0
     [,339] [,340] [,341] [,342] [,343] [,344] [,345] [,346] [,347] [,348]
[1,]      1      0      0      1      1      0      0      0      0      0
     [,349] [,350] [,351] [,352] [,353] [,354] [,355] [,356] [,357] [,358]
[1,]      0      0      1      0      1      0      1      1      1      0
     [,359] [,360] [,361] [,362] [,363] [,364] [,365] [,366] [,367] [,368]
[1,]      1      0      1      1      1      1      7      3      1      6
     [,369] [,370] [,371] [,372] [,373] [,374] [,375] [,376] [,377] [,378]
[1,]      7      2      2      4      2      3      4      0      8      2
     [,379] [,380] [,381] [,382] [,383] [,384] [,385] [,386] [,387] [,388]
[1,]      1      4      6      3      2      6      2      3      1      6
     [,389] [,390] [,391] [,392] [,393] [,394] [,395] [,396] [,397] [,398]
[1,]      2      4      5      6      0      4      6      9      2      7
     [,399] [,400] [,401] [,402] [,403] [,404] [,405] [,406] [,407] [,408]
[1,]      3      6      1      6      7      8      8      4      3      4
     [,409] [,410] [,411] [,412] [,413] [,414] [,415] [,416] [,417] [,418]
[1,]      4      2      1      3      1      2      5      0      7      3
     [,419] [,420] [,421] [,422] [,423] [,424] [,425] [,426] [,427] [,428]
[1,]      1      4      2      2      1      5      3      1      1      4
     [,429] [,430] [,431] [,432] [,433] [,434] [,435] [,436] [,437] [,438]
[1,]      0      3      4      6      0      3      5      6      3      5
     [,439] [,440] [,441] [,442] [,443] [,444] [,445] [,446] [,447] [,448]
[1,]      3      3      1      6      4      4      6      1      5      3
     [,449] [,450] [,451] [,452] [,453] [,454] [,455] [,456] [,457] [,458]
[1,]      1      1      2      0      1      3      0      3      3      0
     [,459] [,460] [,461] [,462] [,463] [,464] [,465] [,466] [,467] [,468]
[1,]      2      3      1      1      4      3      1      2      2      0
     [,469] [,470] [,471] [,472] [,473] [,474] [,475] [,476] [,477] [,478]
[1,]      3      1      3      0      1      4      5      2      3      1
     [,479] [,480] [,481] [,482] [,483] [,484] [,485] [,486] [,487] [,488]
[1,]      1      0      5      5      3      4      2      1      1      2
     [,489] [,490] [,491] [,492] [,493] [,494] [,495] [,496] [,497] [,498]
[1,]      1      1      0      2      0      2      2      0      0      1
     [,499] [,500] [,501] [,502] [,503] [,504] [,505] [,506] [,507] [,508]
[1,]      0      0      2      1      1      0      2      0      1      1
     [,509] [,510] [,511] [,512] [,513] [,514] [,515] [,516] [,517] [,518]
[1,]      3      0      2      2      2      2      3      2      1      0
     [,519] [,520] [,521] [,522] [,523] [,524] [,525] [,526] [,527] [,528]
[1,]      2      1      1      2      6      1      4      7      0      3
     [,529] [,530] [,531] [,532] [,533] [,534] [,535] [,536] [,537] [,538]
[1,]      4      0      6      5      1      3      6      4      6      7
     [,539] [,540] [,541] [,542] [,543] [,544] [,545] [,546] [,547] [,548]
[1,]      2      5      1      5      2      3      3      8      0      5
     [,549] [,550] [,551] [,552] [,553] [,554] [,555] [,556] [,557] [,558]
[1,]      5      5      3      7      3      4      0      5      7      8
     [,559] [,560] [,561] [,562] [,563] [,564] [,565] [,566] [,567] [,568]
[1,]      7      2      1      3      1      3      3      0      6      2
     [,569] [,570] [,571] [,572] [,573] [,574] [,575] [,576] [,577] [,578]
[1,]      2      2      5      2      4      5      1      2      0      4
     [,579] [,580] [,581] [,582] [,583] [,584] [,585] [,586] [,587] [,588]
[1,]      1      2      4      4      0      3      5      7      3      5
     [,589] [,590] [,591] [,592] [,593] [,594] [,595] [,596] [,597] [,598]
[1,]      2      4      0      4      4      6      7      0      0      1
     [,599] [,600] [,601] [,602] [,603] [,604] [,605] [,606] [,607] [,608]
[1,]      1      1      0      2      1      0      1      0      0      1
     [,609] [,610] [,611] [,612] [,613] [,614] [,615] [,616] [,617] [,618]
[1,]      2      0      0      0      1      0      1      1      2      0
     [,619] [,620] [,621] [,622] [,623] [,624] [,625] [,626] [,627] [,628]
[1,]      2      1      2      2      2      1      2      0      2      1
     [,629] [,630] [,631] [,632] [,633] [,634] [,635] [,636] [,637] [,638]
[1,]      2      2      1      1      1      2      0      2      2      0
     [,639] [,640] [,641] [,642] [,643] [,644] [,645] [,646] [,647] [,648]
[1,]      1      2      1      0      2      0      2      0      2      2
     [,649] [,650] [,651] [,652] [,653] [,654] [,655] [,656] [,657] [,658]
[1,]      0      2      2      0      1      0      2      1      2      2
     [,659] [,660] [,661] [,662] [,663] [,664] [,665] [,666] [,667] [,668]
[1,]      1      0      1      4      3      3      0      0      3      0
     [,669] [,670] [,671] [,672] [,673] [,674] [,675] [,676] [,677] [,678]
[1,]      3      2      2      2      6      4      5      6      4      2
     [,679] [,680] [,681] [,682] [,683] [,684] [,685] [,686] [,687] [,688]
[1,]      1      3      0      0      4      4      0      3      4      4
     [,689] [,690] [,691] [,692] [,693] [,694] [,695] [,696] [,697] [,698]
[1,]      2      7      3      4      1      4      4      4      6      0
     [,699] [,700] [,701] [,702] [,703] [,704] [,705] [,706] [,707] [,708]
[1,]      1      0      1      0      0      1      1      0      0      1
     [,709] [,710] [,711] [,712] [,713] [,714] [,715] [,716] [,717] [,718]
[1,]      0      1      0      2      0      2      2      2      0      1
     [,719] [,720] [,721] [,722] [,723] [,724] [,725] [,726] [,727] [,728]
[1,]      2      2      1      2      1      3      0      2      2      2
     [,729] [,730] [,731] [,732] [,733] [,734] [,735] [,736] [,737] [,738]
[1,]      3      2      0      3      1      0      3      0      1      2
     [,739] [,740] [,741] [,742] [,743] [,744] [,745] [,746] [,747] [,748]
[1,]      2      0      1      0      1      1      2      2      3      0
     [,749] [,750] [,751] [,752] [,753] [,754] [,755] [,756] [,757] [,758]
[1,]      2      3      3      1      1      0      2      1      2      3
     [,759] [,760] [,761] [,762] [,763] [,764] [,765] [,766] [,767] [,768]
[1,]      3      4      0      6      2      2      4      3      4      2
     [,769] [,770] [,771] [,772] [,773] [,774] [,775] [,776] [,777] [,778]
[1,]      7      3      3      2      5      1      4      6      5      0
     [,779] [,780] [,781] [,782] [,783] [,784] [,785] [,786] [,787] [,788]
[1,]      3      6      3      2      5      4      4      1      4      4
     [,789] [,790] [,791] [,792] [,793] [,794] [,795] [,796] [,797] [,798]
[1,]      4      8      0      0      0      0      0      0      0      0
     [,799] [,800] [,801] [,802] [,803] [,804] [,805] [,806] [,807] [,808]
[1,]      0      0      0      0      0      0      0      0      0      0
     [,809] [,810] [,811] [,812] [,813] [,814] [,815] [,816] [,817] [,818]
[1,]      0      0      0      0      0      0      0      0      0      0
     [,819] [,820] [,821] [,822] [,823] [,824] [,825] [,826] [,827] [,828]
[1,]      0      2      2      4      4      5      3      6      3      1
     [,829] [,830] [,831] [,832] [,833] [,834] [,835] [,836] [,837] [,838]
[1,]      2      7      2      4      5      7      0      5      6      7
     [,839] [,840] [,841] [,842] [,843] [,844] [,845] [,846] [,847] [,848]
[1,]      3      7      4      5      1      5      6      6      6      0
     [,849] [,850] [,851] [,852] [,853] [,854] [,855] [,856] [,857] [,858]
[1,]      2      2      0      2      3      0      1      0      2      0
     [,859] [,860] [,861] [,862] [,863] [,864] [,865] [,866] [,867] [,868]
[1,]      1      1      3      0      2      0      2      2      3      1
     [,869] [,870] [,871] [,872] [,873] [,874] [,875] [,876] [,877] [,878]
[1,]      1      0      2      2      2      4      1      2      3      2
     [,879] [,880] [,881] [,882] [,883] [,884] [,885] [,886] [,887] [,888]
[1,]      2      1      0      0      2      0      0      1      2      0
     [,889] [,890] [,891] [,892] [,893] [,894] [,895] [,896] [,897] [,898]
[1,]      1      1      2      1      3      1      1      1      2      2
     [,899] [,900] [,901] [,902] [,903] [,904] [,905] [,906] [,907] [,908]
[1,]      1      2      1      2      3      3      2      1      1      1
     [,909] [,910] [,911] [,912] [,913] [,914] [,915] [,916] [,917] [,918]
[1,]      0      3      5      3      0      2      4      2      1      2
     [,919] [,920] [,921] [,922] [,923] [,924] [,925] [,926] [,927] [,928]
[1,]      1      5      2      2      4      4      7      4      3      8
     [,929] [,930] [,931] [,932] [,933] [,934] [,935] [,936] [,937] [,938]
[1,]      4      4      2      6      1      2      4      6      0      4
     [,939] [,940] [,941] [,942] [,943] [,944] [,945] [,946] [,947] [,948]
[1,]      5      8      1      7      3      3      0      6      5      6
     [,949] [,950] [,951] [,952] [,953] [,954] [,955] [,956] [,957] [,958]
[1,]      9      3      6      4      2      1      5      1      2      4
     [,959] [,960] [,961] [,962] [,963] [,964] [,965] [,966] [,967] [,968]
[1,]      6      0      3      6      4      1      8      1      2      2
     [,969] [,970] [,971] [,972] [,973] [,974] [,975] [,976] [,977] [,978]
[1,]      5      6      3      5      4      1      2      0      3      0
     [,979] [,980] [,981] [,982] [,983] [,984] [,985] [,986] [,987] [,988]
[1,]      1      3      3      0      4      5      2      2      6      1
     [,989] [,990] [,991] [,992] [,993] [,994] [,995] [,996] [,997] [,998]
[1,]      6      1      2      4      4      6      5      5      3      8
     [,999] [,1000] [,1001] [,1002] [,1003] [,1004] [,1005] [,1006] [,1007]
[1,]      1       4       6      12       0       7       8       7       4
     [,1008] [,1009] [,1010] [,1011] [,1012] [,1013] [,1014] [,1015] [,1016]
[1,]      10       5       7       0      12       7       9      13       0
     [,1017] [,1018] [,1019] [,1020] [,1021] [,1022] [,1023] [,1024] [,1025]
[1,]       3       1       0       2       3       4       0       2       7
     [,1026] [,1027] [,1028] [,1029] [,1030] [,1031] [,1032] [,1033] [,1034]
[1,]       3       0       5       1       2       1       4       4       4
     [,1035] [,1036] [,1037] [,1038] [,1039] [,1040] [,1041] [,1042] [,1043]
[1,]       4       0       4       1       2       2       5       0       2
     [,1044] [,1045] [,1046] [,1047] [,1048] [,1049] [,1050] [,1051] [,1052]
[1,]       4       3       1       3       2       3       0       3       4
     [,1053] [,1054] [,1055] [,1056] [,1057] [,1058] [,1059] [,1060] [,1061]
[1,]       3       6       1       0       2       1       1       0       0
     [,1062] [,1063] [,1064] [,1065] [,1066] [,1067] [,1068] [,1069] [,1070]
[1,]       3       1       0       1       1       1       0       2       2
     [,1071] [,1072] [,1073] [,1074] [,1075] [,1076] [,1077] [,1078] [,1079]
[1,]       2       1       1       4       5       9       0       6       8
     [,1080] [,1081] [,1082] [,1083] [,1084] [,1085] [,1086] [,1087] [,1088]
[1,]       7       3       8       3       6       1       8       6       6
     [,1089] [,1090] [,1091] [,1092] [,1093] [,1094] [,1095] [,1096] [,1097]
[1,]       9       0       1       1       0       1       0       1       0
     [,1098] [,1099] [,1100] [,1101] [,1102] [,1103] [,1104] [,1105] [,1106]
[1,]       1       1       0       0       0       2       2       1       3
     [,1107] [,1108] [,1109] [,1110] [,1111] [,1112] [,1113] [,1114] [,1115]
[1,]       5       0       2       6       4       1       3       1       3
     [,1116] [,1117] [,1118] [,1119] [,1120] [,1121] [,1122] [,1123] [,1124]
[1,]       1       5       4       3       5       4       0       4       7
     [,1125] [,1126] [,1127] [,1128] [,1129] [,1130] [,1131] [,1132] [,1133]
[1,]       3       2       4       3       6       2       5       5       4
     [,1134] [,1135] [,1136] [,1137] [,1138] [,1139] [,1140] [,1141] [,1142]
[1,]      12       0       7       8       9       6      13       4       7
     [,1143] [,1144] [,1145] [,1146] [,1147] [,1148] [,1149] [,1150] [,1151]
[1,]       1      11       7       8      12       0       0       0       0
     [,1152] [,1153] [,1154] [,1155] [,1156] [,1157] [,1158] [,1159] [,1160]
[1,]       0       0       0       0       0       0       0       0       5
     [,1161] [,1162] [,1163] [,1164] [,1165] [,1166] [,1167] [,1168] [,1169]
[1,]       4       2       7       2       4       0       4       3       7
     [,1170] [,1171] [,1172] [,1173] [,1174] [,1175] [,1176] [,1177] [,1178]
[1,]       7       6       2       7       3      10       2       7       6
     [,1179] [,1180] [,1181] [,1182] [,1183] [,1184] [,1185] [,1186] [,1187]
[1,]       8      11       6      10       3       5       1      10       8
     [,1188] [,1189] [,1190] [,1191] [,1192] [,1193] [,1194] [,1195] [,1196]
[1,]       6      10       6       3       4       0       4       2       2
     [,1197] [,1198] [,1199] [,1200] [,1201] [,1202] [,1203] [,1204] [,1205]
[1,]       6       4       8       1      11       9       6      10       3
     [,1206] [,1207] [,1208] [,1209] [,1210] [,1211] [,1212] [,1213] [,1214]
[1,]       0       3       2       3       5       1       6       4       6
     [,1215] [,1216] [,1217] [,1218] [,1219] [,1220] [,1221] [,1222] [,1223]
[1,]      10       1       2       0       2       9       4      11       7
     [,1224] [,1225]
[1,]       9       9
> #install.packages("poibin")
> library("poibin")
> anss = c()
> for (test_s in ts_s) {
+     ans = ppoibin(kk=test_s ,pp=p)
+     anss <- c(anss, ans)
+ }
> print(anss)
   [1] 0.66102181 0.83753208 0.66102181 0.93558222 0.97863838 0.04183653
   [7] 0.18565992 0.99970483 0.93558222 0.66102181 0.04183653 0.99401154
  [13] 0.97863838 0.18565992 0.41990787 0.93558222 0.41990787 0.66102181
  [19] 0.66102181 0.04183653 0.99401154 0.66102181 0.66102181 0.97863838
  [25] 0.97863838 0.83753208 0.83753208 0.97863838 0.66102181 0.18565992
  [31] 0.18565992 0.99401154 0.18565992 0.66102181 0.97863838 0.99401154
  [37] 0.04183653 0.93558222 0.99401154 0.99970483 0.83753208 0.99856700
  [43] 0.41990787 0.99856700 0.41990787 0.97863838 0.99401154 0.99856700
  [49] 0.99999179 0.97863838 0.18565992 0.83753208 0.97863838 0.04183653
  [55] 0.04183653 0.97863838 0.83753208 0.93558222 0.41990787 0.93558222
  [61] 0.93558222 0.18565992 0.18565992 0.93558222 0.41990787 0.04183653
  [67] 0.41990787 0.04183653 0.41990787 0.66102181 0.04183653 0.04183653
  [73] 0.97863838 0.18565992 0.41990787 0.99856700 0.66102181 0.83753208
  [79] 0.18565992 0.97863838 0.04183653 0.66102181 0.41990787 0.99401154
  [85] 0.04183653 0.41990787 0.99401154 0.99401154 0.41990787 0.99401154
  [91] 0.41990787 0.83753208 0.18565992 0.99970483 0.97863838 0.97863838
  [97] 0.99856700 0.93558222 0.83753208 0.99970483 0.04183653 0.04183653
 [103] 0.66102181 0.93558222 0.66102181 0.66102181 0.99401154 0.41990787
 [109] 0.18565992 0.41990787 0.83753208 0.18565992 0.66102181 0.97863838
 [115] 0.04183653 0.83753208 0.41990787 0.41990787 0.66102181 0.41990787
 [121] 0.93558222 0.66102181 0.97863838 0.66102181 0.41990787 0.18565992
 [127] 0.97863838 0.04183653 0.83753208 0.83753208 0.99970483 0.04183653
 [133] 0.66102181 0.99970483 0.93558222 0.66102181 0.99401154 0.66102181
 [139] 0.93558222 0.41990787 0.99970483 0.97863838 0.93558222 0.99856700
 [145] 0.18565992 0.83753208 0.04183653 0.18565992 0.66102181 0.83753208
 [151] 0.18565992 0.66102181 0.83753208 0.41990787 0.41990787 0.41990787
 [157] 0.18565992 0.41990787 0.41990787 0.18565992 0.04183653 0.83753208
 [163] 0.41990787 0.04183653 0.66102181 0.18565992 0.66102181 0.18565992
 [169] 0.41990787 0.18565992 0.18565992 0.04183653 0.41990787 0.04183653
 [175] 0.41990787 0.66102181 0.93558222 0.04183653 0.66102181 0.83753208
 [181] 0.66102181 0.66102181 0.83753208 0.18565992 0.66102181 0.18565992
 [187] 0.66102181 0.66102181 0.66102181 0.83753208 0.66102181 0.04183653
 [193] 0.18565992 0.83753208 0.66102181 0.66102181 0.18565992 0.99401154
 [199] 0.83753208 0.18565992 0.41990787 0.41990787 0.18565992 0.66102181
 [205] 0.93558222 0.04183653 0.66102181 0.83753208 0.04183653 0.66102181
 [211] 0.66102181 0.18565992 0.83753208 0.97863838 0.04183653 0.93558222
 [217] 0.04183653 0.97863838 0.18565992 0.66102181 0.97863838 0.97863838
 [223] 0.04183653 0.83753208 0.93558222 0.66102181 0.66102181 0.93558222
 [229] 0.41990787 0.97863838 0.04183653 0.97863838 0.93558222 0.66102181
 [235] 0.99994729 0.04183653 0.04183653 0.93558222 0.93558222 0.66102181
 [241] 0.66102181 0.97863838 0.93558222 0.18565992 0.83753208 0.83753208
 [247] 0.41990787 0.41990787 0.97863838 0.04183653 0.97863838 0.41990787
 [253] 0.41990787 0.66102181 0.83753208 0.93558222 0.66102181 0.97863838
 [259] 0.66102181 0.66102181 0.18565992 0.97863838 0.18565992 0.66102181
 [265] 0.97863838 0.99856700 0.04183653 0.41990787 0.99970483 0.99401154
 [271] 0.83753208 0.97863838 0.83753208 0.99401154 0.66102181 0.93558222
 [277] 0.97863838 0.97863838 0.99970483 0.04183653 0.04183653 0.04183653
 [283] 0.04183653 0.04183653 0.04183653 0.04183653 0.04183653 0.04183653
 [289] 0.04183653 0.04183653 0.04183653 0.04183653 0.04183653 0.04183653
 [295] 0.04183653 0.04183653 0.04183653 0.04183653 0.04183653 0.04183653
 [301] 0.04183653 0.04183653 0.04183653 0.04183653 0.04183653 0.04183653
 [307] 0.04183653 0.04183653 0.04183653 0.04183653 0.04183653 0.04183653
 [313] 0.04183653 0.04183653 0.04183653 0.04183653 0.04183653 0.04183653
 [319] 0.04183653 0.04183653 0.04183653 0.04183653 0.18565992 0.18565992
 [325] 0.18565992 0.04183653 0.18565992 0.18565992 0.18565992 0.04183653
 [331] 0.04183653 0.04183653 0.18565992 0.04183653 0.04183653 0.18565992
 [337] 0.18565992 0.04183653 0.18565992 0.04183653 0.04183653 0.18565992
 [343] 0.18565992 0.04183653 0.04183653 0.04183653 0.04183653 0.04183653
 [349] 0.04183653 0.04183653 0.18565992 0.04183653 0.18565992 0.04183653
 [355] 0.18565992 0.18565992 0.18565992 0.04183653 0.18565992 0.04183653
 [361] 0.18565992 0.18565992 0.18565992 0.18565992 0.99401154 0.66102181
 [367] 0.18565992 0.97863838 0.99401154 0.41990787 0.41990787 0.83753208
 [373] 0.41990787 0.66102181 0.83753208 0.04183653 0.99856700 0.41990787
 [379] 0.18565992 0.83753208 0.97863838 0.66102181 0.41990787 0.97863838
 [385] 0.41990787 0.66102181 0.18565992 0.97863838 0.41990787 0.83753208
 [391] 0.93558222 0.97863838 0.04183653 0.83753208 0.97863838 0.99970483
 [397] 0.41990787 0.99401154 0.66102181 0.97863838 0.18565992 0.97863838
 [403] 0.99401154 0.99856700 0.99856700 0.83753208 0.66102181 0.83753208
 [409] 0.83753208 0.41990787 0.18565992 0.66102181 0.18565992 0.41990787
 [415] 0.93558222 0.04183653 0.99401154 0.66102181 0.18565992 0.83753208
 [421] 0.41990787 0.41990787 0.18565992 0.93558222 0.66102181 0.18565992
 [427] 0.18565992 0.83753208 0.04183653 0.66102181 0.83753208 0.97863838
 [433] 0.04183653 0.66102181 0.93558222 0.97863838 0.66102181 0.93558222
 [439] 0.66102181 0.66102181 0.18565992 0.97863838 0.83753208 0.83753208
 [445] 0.97863838 0.18565992 0.93558222 0.66102181 0.18565992 0.18565992
 [451] 0.41990787 0.04183653 0.18565992 0.66102181 0.04183653 0.66102181
 [457] 0.66102181 0.04183653 0.41990787 0.66102181 0.18565992 0.18565992
 [463] 0.83753208 0.66102181 0.18565992 0.41990787 0.41990787 0.04183653
 [469] 0.66102181 0.18565992 0.66102181 0.04183653 0.18565992 0.83753208
 [475] 0.93558222 0.41990787 0.66102181 0.18565992 0.18565992 0.04183653
 [481] 0.93558222 0.93558222 0.66102181 0.83753208 0.41990787 0.18565992
 [487] 0.18565992 0.41990787 0.18565992 0.18565992 0.04183653 0.41990787
 [493] 0.04183653 0.41990787 0.41990787 0.04183653 0.04183653 0.18565992
 [499] 0.04183653 0.04183653 0.41990787 0.18565992 0.18565992 0.04183653
 [505] 0.41990787 0.04183653 0.18565992 0.18565992 0.66102181 0.04183653
 [511] 0.41990787 0.41990787 0.41990787 0.41990787 0.66102181 0.41990787
 [517] 0.18565992 0.04183653 0.41990787 0.18565992 0.18565992 0.41990787
 [523] 0.97863838 0.18565992 0.83753208 0.99401154 0.04183653 0.66102181
 [529] 0.83753208 0.04183653 0.97863838 0.93558222 0.18565992 0.66102181
 [535] 0.97863838 0.83753208 0.97863838 0.99401154 0.41990787 0.93558222
 [541] 0.18565992 0.93558222 0.41990787 0.66102181 0.66102181 0.99856700
 [547] 0.04183653 0.93558222 0.93558222 0.93558222 0.66102181 0.99401154
 [553] 0.66102181 0.83753208 0.04183653 0.93558222 0.99401154 0.99856700
 [559] 0.99401154 0.41990787 0.18565992 0.66102181 0.18565992 0.66102181
 [565] 0.66102181 0.04183653 0.97863838 0.41990787 0.41990787 0.41990787
 [571] 0.93558222 0.41990787 0.83753208 0.93558222 0.18565992 0.41990787
 [577] 0.04183653 0.83753208 0.18565992 0.41990787 0.83753208 0.83753208
 [583] 0.04183653 0.66102181 0.93558222 0.99401154 0.66102181 0.93558222
 [589] 0.41990787 0.83753208 0.04183653 0.83753208 0.83753208 0.97863838
 [595] 0.99401154 0.04183653 0.04183653 0.18565992 0.18565992 0.18565992
 [601] 0.04183653 0.41990787 0.18565992 0.04183653 0.18565992 0.04183653
 [607] 0.04183653 0.18565992 0.41990787 0.04183653 0.04183653 0.04183653
 [613] 0.18565992 0.04183653 0.18565992 0.18565992 0.41990787 0.04183653
 [619] 0.41990787 0.18565992 0.41990787 0.41990787 0.41990787 0.18565992
 [625] 0.41990787 0.04183653 0.41990787 0.18565992 0.41990787 0.41990787
 [631] 0.18565992 0.18565992 0.18565992 0.41990787 0.04183653 0.41990787
 [637] 0.41990787 0.04183653 0.18565992 0.41990787 0.18565992 0.04183653
 [643] 0.41990787 0.04183653 0.41990787 0.04183653 0.41990787 0.41990787
 [649] 0.04183653 0.41990787 0.41990787 0.04183653 0.18565992 0.04183653
 [655] 0.41990787 0.18565992 0.41990787 0.41990787 0.18565992 0.04183653
 [661] 0.18565992 0.83753208 0.66102181 0.66102181 0.04183653 0.04183653
 [667] 0.66102181 0.04183653 0.66102181 0.41990787 0.41990787 0.41990787
 [673] 0.97863838 0.83753208 0.93558222 0.97863838 0.83753208 0.41990787
 [679] 0.18565992 0.66102181 0.04183653 0.04183653 0.83753208 0.83753208
 [685] 0.04183653 0.66102181 0.83753208 0.83753208 0.41990787 0.99401154
 [691] 0.66102181 0.83753208 0.18565992 0.83753208 0.83753208 0.83753208
 [697] 0.97863838 0.04183653 0.18565992 0.04183653 0.18565992 0.04183653
 [703] 0.04183653 0.18565992 0.18565992 0.04183653 0.04183653 0.18565992
 [709] 0.04183653 0.18565992 0.04183653 0.41990787 0.04183653 0.41990787
 [715] 0.41990787 0.41990787 0.04183653 0.18565992 0.41990787 0.41990787
 [721] 0.18565992 0.41990787 0.18565992 0.66102181 0.04183653 0.41990787
 [727] 0.41990787 0.41990787 0.66102181 0.41990787 0.04183653 0.66102181
 [733] 0.18565992 0.04183653 0.66102181 0.04183653 0.18565992 0.41990787
 [739] 0.41990787 0.04183653 0.18565992 0.04183653 0.18565992 0.18565992
 [745] 0.41990787 0.41990787 0.66102181 0.04183653 0.41990787 0.66102181
 [751] 0.66102181 0.18565992 0.18565992 0.04183653 0.41990787 0.18565992
 [757] 0.41990787 0.66102181 0.66102181 0.83753208 0.04183653 0.97863838
 [763] 0.41990787 0.41990787 0.83753208 0.66102181 0.83753208 0.41990787
 [769] 0.99401154 0.66102181 0.66102181 0.41990787 0.93558222 0.18565992
 [775] 0.83753208 0.97863838 0.93558222 0.04183653 0.66102181 0.97863838
 [781] 0.66102181 0.41990787 0.93558222 0.83753208 0.83753208 0.18565992
 [787] 0.83753208 0.83753208 0.83753208 0.99856700 0.04183653 0.04183653
 [793] 0.04183653 0.04183653 0.04183653 0.04183653 0.04183653 0.04183653
 [799] 0.04183653 0.04183653 0.04183653 0.04183653 0.04183653 0.04183653
 [805] 0.04183653 0.04183653 0.04183653 0.04183653 0.04183653 0.04183653
 [811] 0.04183653 0.04183653 0.04183653 0.04183653 0.04183653 0.04183653
 [817] 0.04183653 0.04183653 0.04183653 0.41990787 0.41990787 0.83753208
 [823] 0.83753208 0.93558222 0.66102181 0.97863838 0.66102181 0.18565992
 [829] 0.41990787 0.99401154 0.41990787 0.83753208 0.93558222 0.99401154
 [835] 0.04183653 0.93558222 0.97863838 0.99401154 0.66102181 0.99401154
 [841] 0.83753208 0.93558222 0.18565992 0.93558222 0.97863838 0.97863838
 [847] 0.97863838 0.04183653 0.41990787 0.41990787 0.04183653 0.41990787
 [853] 0.66102181 0.04183653 0.18565992 0.04183653 0.41990787 0.04183653
 [859] 0.18565992 0.18565992 0.66102181 0.04183653 0.41990787 0.04183653
 [865] 0.41990787 0.41990787 0.66102181 0.18565992 0.18565992 0.04183653
 [871] 0.41990787 0.41990787 0.41990787 0.83753208 0.18565992 0.41990787
 [877] 0.66102181 0.41990787 0.41990787 0.18565992 0.04183653 0.04183653
 [883] 0.41990787 0.04183653 0.04183653 0.18565992 0.41990787 0.04183653
 [889] 0.18565992 0.18565992 0.41990787 0.18565992 0.66102181 0.18565992
 [895] 0.18565992 0.18565992 0.41990787 0.41990787 0.18565992 0.41990787
 [901] 0.18565992 0.41990787 0.66102181 0.66102181 0.41990787 0.18565992
 [907] 0.18565992 0.18565992 0.04183653 0.66102181 0.93558222 0.66102181
 [913] 0.04183653 0.41990787 0.83753208 0.41990787 0.18565992 0.41990787
 [919] 0.18565992 0.93558222 0.41990787 0.41990787 0.83753208 0.83753208
 [925] 0.99401154 0.83753208 0.66102181 0.99856700 0.83753208 0.83753208
 [931] 0.41990787 0.97863838 0.18565992 0.41990787 0.83753208 0.97863838
 [937] 0.04183653 0.83753208 0.93558222 0.99856700 0.18565992 0.99401154
 [943] 0.66102181 0.66102181 0.04183653 0.97863838 0.93558222 0.97863838
 [949] 0.99970483 0.66102181 0.97863838 0.83753208 0.41990787 0.18565992
 [955] 0.93558222 0.18565992 0.41990787 0.83753208 0.97863838 0.04183653
 [961] 0.66102181 0.97863838 0.83753208 0.18565992 0.99856700 0.18565992
 [967] 0.41990787 0.41990787 0.93558222 0.97863838 0.66102181 0.93558222
 [973] 0.83753208 0.18565992 0.41990787 0.04183653 0.66102181 0.04183653
 [979] 0.18565992 0.66102181 0.66102181 0.04183653 0.83753208 0.93558222
 [985] 0.41990787 0.41990787 0.97863838 0.18565992 0.97863838 0.18565992
 [991] 0.41990787 0.83753208 0.83753208 0.97863838 0.93558222 0.93558222
 [997] 0.66102181 0.99856700 0.18565992 0.83753208 0.97863838 0.99999888
[1003] 0.04183653 0.99401154 0.99856700 0.99401154 0.83753208 0.99994729
[1009] 0.93558222 0.99401154 0.04183653 0.99999888 0.99401154 0.99970483
[1015] 0.99999987 0.04183653 0.66102181 0.18565992 0.04183653 0.41990787
[1021] 0.66102181 0.83753208 0.04183653 0.41990787 0.99401154 0.66102181
[1027] 0.04183653 0.93558222 0.18565992 0.41990787 0.18565992 0.83753208
[1033] 0.83753208 0.83753208 0.83753208 0.04183653 0.83753208 0.18565992
[1039] 0.41990787 0.41990787 0.93558222 0.04183653 0.41990787 0.83753208
[1045] 0.66102181 0.18565992 0.66102181 0.41990787 0.66102181 0.04183653
[1051] 0.66102181 0.83753208 0.66102181 0.97863838 0.18565992 0.04183653
[1057] 0.41990787 0.18565992 0.18565992 0.04183653 0.04183653 0.66102181
[1063] 0.18565992 0.04183653 0.18565992 0.18565992 0.18565992 0.04183653
[1069] 0.41990787 0.41990787 0.41990787 0.18565992 0.18565992 0.83753208
[1075] 0.93558222 0.99970483 0.04183653 0.97863838 0.99856700 0.99401154
[1081] 0.66102181 0.99856700 0.66102181 0.97863838 0.18565992 0.99856700
[1087] 0.97863838 0.97863838 0.99970483 0.04183653 0.18565992 0.18565992
[1093] 0.04183653 0.18565992 0.04183653 0.18565992 0.04183653 0.18565992
[1099] 0.18565992 0.04183653 0.04183653 0.04183653 0.41990787 0.41990787
[1105] 0.18565992 0.66102181 0.93558222 0.04183653 0.41990787 0.97863838
[1111] 0.83753208 0.18565992 0.66102181 0.18565992 0.66102181 0.18565992
[1117] 0.93558222 0.83753208 0.66102181 0.93558222 0.83753208 0.04183653
[1123] 0.83753208 0.99401154 0.66102181 0.41990787 0.83753208 0.66102181
[1129] 0.97863838 0.41990787 0.93558222 0.93558222 0.83753208 0.99999888
[1135] 0.04183653 0.99401154 0.99856700 0.99970483 0.97863838 0.99999987
[1141] 0.83753208 0.99401154 0.18565992 0.99999179 0.99401154 0.99856700
[1147] 0.99999888 0.04183653 0.04183653 0.04183653 0.04183653 0.04183653
[1153] 0.04183653 0.04183653 0.04183653 0.04183653 0.04183653 0.04183653
[1159] 0.04183653 0.93558222 0.83753208 0.41990787 0.99401154 0.41990787
[1165] 0.83753208 0.04183653 0.83753208 0.66102181 0.99401154 0.99401154
[1171] 0.97863838 0.41990787 0.99401154 0.66102181 0.99994729 0.41990787
[1177] 0.99401154 0.97863838 0.99856700 0.99999179 0.97863838 0.99994729
[1183] 0.66102181 0.93558222 0.18565992 0.99994729 0.99856700 0.97863838
[1189] 0.99994729 0.97863838 0.66102181 0.83753208 0.04183653 0.83753208
[1195] 0.41990787 0.41990787 0.97863838 0.83753208 0.99856700 0.18565992
[1201] 0.99999179 0.99970483 0.97863838 0.99994729 0.66102181 0.04183653
[1207] 0.66102181 0.41990787 0.66102181 0.93558222 0.18565992 0.97863838
[1213] 0.83753208 0.97863838 0.99994729 0.18565992 0.41990787 0.04183653
[1219] 0.41990787 0.99970483 0.83753208 0.99999179 0.99401154 0.99970483
[1225] 0.99970483
> is.vector(anss)
[1] TRUE
> #foutput <- paste("s", roop_n, ".txt", sep="")
> foutput <- paste("s.txt", sep="")
> #lapply(anss, write, "s.txt")
> write(anss, file=foutput)
> 
done p_mat_s
